/home/dev/hn_rerank/optimize_hyperparameters.py:362: ExperimentalWarning: Argument ``multivariate`` is an experimental feature. The interface can change in the future.
  sampler = TPESampler(
/home/dev/hn_rerank/optimize_hyperparameters.py:362: ExperimentalWarning: Argument ``group`` is an experimental feature. The interface can change in the future.
  sampler = TPESampler(
[I 2026-02-06 10:06:39,627] A new study created in memory with name: no-name-415acbec-7661-430f-8e32-58105d1a63cb
[I 2026-02-06 10:08:59,172] Trial 1 finished with value: 0.3331211138877921 and parameters: {'diversity_lambda': 0.3507079050554734, 'neg_weight': 0.6054713270208217, 'knn_k': 2, 'adaptive_hn_min': 0.007815709398213421, 'freshness_half_life': 85.22361248790492, 'hn_threshold_young': 7.191592398066805, 'hn_score_cap': 1563.109448610352, 'classifier_k_feat': 6, 'classifier_neg_sample_weight': 1.0409620734758263}. Best is trial 1 with value: 0.3331211138877921.
[I 2026-02-06 10:08:59,552] Trial 3 finished with value: 0.32155563027723477 and parameters: {'diversity_lambda': 0.3317085327214784, 'neg_weight': 0.4768612512776763, 'knn_k': 3, 'adaptive_hn_min': 0.037879490799500745, 'freshness_half_life': 63.343248512460136, 'hn_threshold_young': 14.418091821646593, 'hn_score_cap': 274.2805555601429, 'classifier_k_feat': 6, 'classifier_neg_sample_weight': 0.7471937049553548}. Best is trial 1 with value: 0.3331211138877921.
[I 2026-02-06 10:08:59,867] Trial 2 finished with value: 0.29531598400431475 and parameters: {'diversity_lambda': 0.2451665556317505, 'neg_weight': 0.3733948786520368, 'knn_k': 2, 'adaptive_hn_min': 0.020717800808490776, 'freshness_half_life': 92.53291448342338, 'hn_threshold_young': 10.160758184304994, 'hn_score_cap': 1136.8739716164923, 'classifier_k_feat': 3, 'classifier_neg_sample_weight': 0.8528428722532944}. Best is trial 1 with value: 0.3331211138877921.
[I 2026-02-06 10:09:00,344] Trial 0 finished with value: 0.30797850210856975 and parameters: {'diversity_lambda': 0.21857663129557767, 'neg_weight': 0.44847612726556774, 'knn_k': 4, 'adaptive_hn_min': 0.023347477110050613, 'freshness_half_life': 81.16754298958482, 'hn_threshold_young': 7.0680877213323425, 'hn_score_cap': 579.0849298480382, 'classifier_k_feat': 5, 'classifier_neg_sample_weight': 1.5163512045017047}. Best is trial 1 with value: 0.3331211138877921.
[I 2026-02-06 10:11:14,462] Trial 4 finished with value: 0.23150838891452966 and parameters: {'diversity_lambda': 0.2241053230137308, 'neg_weight': 0.6814764783720655, 'knn_k': 4, 'adaptive_hn_min': 0.050490857970955594, 'freshness_half_life': 77.83607296800582, 'hn_threshold_young': 15.0145556865912, 'hn_score_cap': 1196.7374912102825, 'classifier_k_feat': 9, 'classifier_neg_sample_weight': 1.6630846448792989}. Best is trial 1 with value: 0.3331211138877921.
[I 2026-02-06 10:11:14,838] Trial 6 finished with value: 0.27719337373414543 and parameters: {'diversity_lambda': 0.5896387793757771, 'neg_weight': 0.5531315129272754, 'knn_k': 4, 'adaptive_hn_min': 0.06363012659667788, 'freshness_half_life': 92.7381737687071, 'hn_threshold_young': 12.477669233115261, 'hn_score_cap': 1056.5736317311232, 'classifier_k_feat': 7, 'classifier_neg_sample_weight': 1.302804001922606}. Best is trial 1 with value: 0.3331211138877921.
[I 2026-02-06 10:11:15,126] Trial 5 finished with value: 0.29837347103802414 and parameters: {'diversity_lambda': 0.33441677847976503, 'neg_weight': 0.43312629539058656, 'knn_k': 4, 'adaptive_hn_min': 0.013669628024368564, 'freshness_half_life': 89.87447915318627, 'hn_threshold_young': 12.816960432368463, 'hn_score_cap': 489.18706718422044, 'classifier_k_feat': 4, 'classifier_neg_sample_weight': 0.746016672811632}. Best is trial 1 with value: 0.3331211138877921.
[I 2026-02-06 10:11:15,420] Trial 7 finished with value: 0.33706499108778676 and parameters: {'diversity_lambda': 0.588970823297503, 'neg_weight': 0.31570037443848664, 'knn_k': 1, 'adaptive_hn_min': 0.00758660630881457, 'freshness_half_life': 92.71304393797445, 'hn_threshold_young': 14.235257279059136, 'hn_score_cap': 697.6896003431671, 'classifier_k_feat': 4, 'classifier_neg_sample_weight': 1.2211822039053501}. Best is trial 7 with value: 0.33706499108778676.
[I 2026-02-06 10:13:29,218] Trial 8 finished with value: 0.3213052857843458 and parameters: {'diversity_lambda': 0.36258601640064037, 'neg_weight': 0.47263161658203967, 'knn_k': 4, 'adaptive_hn_min': 0.040981576044523876, 'freshness_half_life': 46.54860156279411, 'hn_threshold_young': 4.105161498900953, 'hn_score_cap': 320.73828741723685, 'classifier_k_feat': 2, 'classifier_neg_sample_weight': 1.053540156400433}. Best is trial 7 with value: 0.33706499108778676.
[I 2026-02-06 10:13:29,831] Trial 9 finished with value: 0.2915336675784904 and parameters: {'diversity_lambda': 0.2268367443720008, 'neg_weight': 0.5438719106831778, 'knn_k': 3, 'adaptive_hn_min': 0.01268859587085453, 'freshness_half_life': 91.7276071662103, 'hn_threshold_young': 6.448190057957276, 'hn_score_cap': 394.94936687528957, 'classifier_k_feat': 7, 'classifier_neg_sample_weight': 0.7761836415134575}. Best is trial 7 with value: 0.33706499108778676.
[I 2026-02-06 10:13:31,167] Trial 11 finished with value: 0.3267408741343106 and parameters: {'diversity_lambda': 0.42068431551173, 'neg_weight': 0.358887599578826, 'knn_k': 2, 'adaptive_hn_min': 0.051783004646416414, 'freshness_half_life': 81.91986042791555, 'hn_threshold_young': 15.179770659298534, 'hn_score_cap': 421.2254657237909, 'classifier_k_feat': 7, 'classifier_neg_sample_weight': 1.3877107991456934}. Best is trial 7 with value: 0.33706499108778676.
[I 2026-02-06 10:13:32,533] Trial 10 finished with value: 0.33002648689583686 and parameters: {'diversity_lambda': 0.5047737638785788, 'neg_weight': 0.4057743114686621, 'knn_k': 2, 'adaptive_hn_min': 0.015137811459899328, 'freshness_half_life': 62.023655281629615, 'hn_threshold_young': 13.641296387949705, 'hn_score_cap': 386.89904573337344, 'classifier_k_feat': 9, 'classifier_neg_sample_weight': 0.8243742100734448}. Best is trial 7 with value: 0.33706499108778676.
[I 2026-02-06 10:15:39,843] Trial 13 finished with value: 0.24876987937468348 and parameters: {'diversity_lambda': 0.5166764680802732, 'neg_weight': 0.3438158736495643, 'knn_k': 1, 'adaptive_hn_min': 0.03005250522498599, 'freshness_half_life': 96.0491242817534, 'hn_threshold_young': 13.107605539960888, 'hn_score_cap': 684.6972190770009, 'classifier_k_feat': 6, 'classifier_neg_sample_weight': 1.3988604381579974}. Best is trial 7 with value: 0.33706499108778676.
[I 2026-02-06 10:15:40,850] Trial 12 pruned. 
[I 2026-02-06 10:15:42,393] Trial 14 finished with value: 0.3023931304332824 and parameters: {'diversity_lambda': 0.5179494679651402, 'neg_weight': 0.33479311196188044, 'knn_k': 1, 'adaptive_hn_min': 0.006195616291309201, 'freshness_half_life': 97.42055881308708, 'hn_threshold_young': 14.463286507883156, 'hn_score_cap': 735.3167980266334, 'classifier_k_feat': 6, 'classifier_neg_sample_weight': 1.4441386384732646}. Best is trial 7 with value: 0.33706499108778676.
[I 2026-02-06 10:15:43,661] Trial 15 finished with value: 0.27847554217946446 and parameters: {'diversity_lambda': 0.5306948925890176, 'neg_weight': 0.5156138443269769, 'knn_k': 2, 'adaptive_hn_min': 0.006213230056863078, 'freshness_half_life': 88.12807337329176, 'hn_threshold_young': 15.606221259539144, 'hn_score_cap': 889.2591219011393, 'classifier_k_feat': 5, 'classifier_neg_sample_weight': 1.3713092794419774}. Best is trial 7 with value: 0.33706499108778676.
[I 2026-02-06 10:17:48,783] Trial 18 finished with value: 0.2945977549635691 and parameters: {'diversity_lambda': 0.32017349363176806, 'neg_weight': 0.752904680268462, 'knn_k': 2, 'adaptive_hn_min': 0.009546225071380313, 'freshness_half_life': 75.06373946374853, 'hn_threshold_young': 6.126045926751724, 'hn_score_cap': 1576.2991983639376, 'classifier_k_feat': 3, 'classifier_neg_sample_weight': 1.029129660737361}. Best is trial 7 with value: 0.33706499108778676.
[I 2026-02-06 10:17:49,874] Trial 17 finished with value: 0.30020741597123457 and parameters: {'diversity_lambda': 0.42610713318632376, 'neg_weight': 0.5569091031899664, 'knn_k': 2, 'adaptive_hn_min': 0.00976567346349634, 'freshness_half_life': 91.76085281680018, 'hn_threshold_young': 4.510736808819337, 'hn_score_cap': 1401.6349584665315, 'classifier_k_feat': 6, 'classifier_neg_sample_weight': 0.7490249142259571}. Best is trial 7 with value: 0.33706499108778676.
[I 2026-02-06 10:17:51,824] Trial 16 finished with value: 0.2137047891236799 and parameters: {'diversity_lambda': 0.3823533266517911, 'neg_weight': 0.4915751768757499, 'knn_k': 2, 'adaptive_hn_min': 0.00012954337759165865, 'freshness_half_life': 86.34807496658122, 'hn_threshold_young': 5.934687648978567, 'hn_score_cap': 1383.0227874613854, 'classifier_k_feat': 8, 'classifier_neg_sample_weight': 1.1218367248720713}. Best is trial 7 with value: 0.33706499108778676.
[I 2026-02-06 10:17:53,171] Trial 19 finished with value: 0.3236177986019858 and parameters: {'diversity_lambda': 0.33295139957712694, 'neg_weight': 0.641274362642612, 'knn_k': 1, 'adaptive_hn_min': 0.017715034901046325, 'freshness_half_life': 97.47428501738133, 'hn_threshold_young': 7.397461846601684, 'hn_score_cap': 1462.9385299154985, 'classifier_k_feat': 6, 'classifier_neg_sample_weight': 1.24123303586465}. Best is trial 7 with value: 0.33706499108778676.
[I 2026-02-06 10:19:54,835] Trial 21 pruned. 
[I 2026-02-06 10:19:56,618] Trial 22 finished with value: 0.2552371664070235 and parameters: {'diversity_lambda': 0.5576757652057626, 'neg_weight': 0.3028733987222793, 'knn_k': 1, 'adaptive_hn_min': 0.004343321042071871, 'freshness_half_life': 88.91452935019235, 'hn_threshold_young': 8.485348860047566, 'hn_score_cap': 331.6138666129463, 'classifier_k_feat': 2, 'classifier_neg_sample_weight': 1.182716628936137}. Best is trial 7 with value: 0.33706499108778676.
[I 2026-02-06 10:19:58,511] Trial 20 finished with value: 0.27698040877760516 and parameters: {'diversity_lambda': 0.5755765093212568, 'neg_weight': 0.4573041912755477, 'knn_k': 2, 'adaptive_hn_min': 0.015189315615664395, 'freshness_half_life': 82.01319535225382, 'hn_threshold_young': 13.942049483638826, 'hn_score_cap': 207.95198588730722, 'classifier_k_feat': 2, 'classifier_neg_sample_weight': 1.2345380372393213}. Best is trial 7 with value: 0.33706499108778676.
[I 2026-02-06 10:20:00,300] Trial 23 pruned. 
[I 2026-02-06 10:22:09,230] Trial 24 pruned. 
[I 2026-02-06 10:22:11,140] Trial 26 finished with value: 0.28165582825091107 and parameters: {'diversity_lambda': 0.4969446839943318, 'neg_weight': 0.35560144509633945, 'knn_k': 2, 'adaptive_hn_min': 0.008357804533179386, 'freshness_half_life': 64.93857170078692, 'hn_threshold_young': 12.324685341059102, 'hn_score_cap': 369.49729808807166, 'classifier_k_feat': 9, 'classifier_neg_sample_weight': 0.8955290551186683}. Best is trial 7 with value: 0.33706499108778676.
[I 2026-02-06 10:22:14,661] Trial 25 pruned. 
[I 2026-02-06 10:22:15,600] Trial 27 finished with value: 0.3031917964966389 and parameters: {'diversity_lambda': 0.5251086815709717, 'neg_weight': 0.43908551567525156, 'knn_k': 2, 'adaptive_hn_min': 0.030089211207126668, 'freshness_half_life': 52.63458274682471, 'hn_threshold_young': 15.02183633395041, 'hn_score_cap': 143.29915181408583, 'classifier_k_feat': 9, 'classifier_neg_sample_weight': 0.8577340692666332}. Best is trial 7 with value: 0.33706499108778676.
[I 2026-02-06 10:24:22,498] Trial 29 pruned. 
[I 2026-02-06 10:24:24,004] Trial 28 finished with value: 0.25765105063618765 and parameters: {'diversity_lambda': 0.45798434447793174, 'neg_weight': 0.3024729654064823, 'knn_k': 2, 'adaptive_hn_min': 0.001297249354262479, 'freshness_half_life': 63.09897232864019, 'hn_threshold_young': 14.083414564516598, 'hn_score_cap': 728.8415785273708, 'classifier_k_feat': 7, 'classifier_neg_sample_weight': 1.0249172513673186}. Best is trial 7 with value: 0.33706499108778676.
[I 2026-02-06 10:24:26,842] Trial 30 finished with value: 0.2690369787635558 and parameters: {'diversity_lambda': 0.5148034294566519, 'neg_weight': 0.3265929657906626, 'knn_k': 1, 'adaptive_hn_min': 0.022398260278896687, 'freshness_half_life': 96.44312865750474, 'hn_threshold_young': 14.414032180167888, 'hn_score_cap': 1084.63398707267, 'classifier_k_feat': 2, 'classifier_neg_sample_weight': 1.528607330887385}. Best is trial 7 with value: 0.33706499108778676.
[I 2026-02-06 10:24:29,141] Trial 31 finished with value: 0.25399440083317415 and parameters: {'diversity_lambda': 0.4607312517428835, 'neg_weight': 0.6064951888309031, 'knn_k': 3, 'adaptive_hn_min': 0.028591343056486467, 'freshness_half_life': 78.8464896728547, 'hn_threshold_young': 5.112483944678771, 'hn_score_cap': 1571.767080681928, 'classifier_k_feat': 7, 'classifier_neg_sample_weight': 1.388609014656513}. Best is trial 7 with value: 0.33706499108778676.
[I 2026-02-06 10:26:29,437] Trial 32 pruned. 
[I 2026-02-06 10:26:30,611] Trial 33 finished with value: 0.3029226155126685 and parameters: {'diversity_lambda': 0.5505617093449479, 'neg_weight': 0.3184761849959639, 'knn_k': 1, 'adaptive_hn_min': 0.006451683474790608, 'freshness_half_life': 84.43104027336808, 'hn_threshold_young': 14.144242150943686, 'hn_score_cap': 799.6663020114776, 'classifier_k_feat': 2, 'classifier_neg_sample_weight': 1.872163730783034}. Best is trial 7 with value: 0.33706499108778676.
[I 2026-02-06 10:26:32,217] Trial 34 finished with value: 0.30301005473473297 and parameters: {'diversity_lambda': 0.3948180926246361, 'neg_weight': 0.5025293868229038, 'knn_k': 3, 'adaptive_hn_min': 0.05868291682563705, 'freshness_half_life': 74.24760757335733, 'hn_threshold_young': 15.908634214480218, 'hn_score_cap': 475.5039192697671, 'classifier_k_feat': 7, 'classifier_neg_sample_weight': 1.3320060204048518}. Best is trial 7 with value: 0.33706499108778676.
[I 2026-02-06 10:26:36,391] Trial 35 pruned. 
[I 2026-02-06 10:28:32,462] Trial 38 pruned. 
[I 2026-02-06 10:28:33,824] Trial 37 pruned. 
[I 2026-02-06 10:28:36,059] Trial 36 finished with value: 0.2929563006944147 and parameters: {'diversity_lambda': 0.38837090337187735, 'neg_weight': 0.3182011896245132, 'knn_k': 1, 'adaptive_hn_min': 0.061745398817312946, 'freshness_half_life': 95.27655896469143, 'hn_threshold_young': 14.576313738288768, 'hn_score_cap': 925.4595407939854, 'classifier_k_feat': 9, 'classifier_neg_sample_weight': 1.2943794205151091}. Best is trial 7 with value: 0.33706499108778676.
[I 2026-02-06 10:28:37,997] Trial 39 finished with value: 0.26376662611560786 and parameters: {'diversity_lambda': 0.5853199553268822, 'neg_weight': 0.33229352542966173, 'knn_k': 1, 'adaptive_hn_min': 0.006623820139069189, 'freshness_half_life': 93.61357693193624, 'hn_threshold_young': 15.047466345903818, 'hn_score_cap': 1082.6743300526375, 'classifier_k_feat': 5, 'classifier_neg_sample_weight': 1.0747922889561672}. Best is trial 7 with value: 0.33706499108778676.
[I 2026-02-06 10:30:35,786] Trial 40 pruned. 
[I 2026-02-06 10:30:37,155] Trial 42 finished with value: 0.2785308053971842 and parameters: {'diversity_lambda': 0.5696959599830685, 'neg_weight': 0.4469496302296202, 'knn_k': 1, 'adaptive_hn_min': 0.013249104650556402, 'freshness_half_life': 94.71211917781027, 'hn_threshold_young': 11.110264063926575, 'hn_score_cap': 1471.790115201955, 'classifier_k_feat': 4, 'classifier_neg_sample_weight': 1.0558888181138344}. Best is trial 7 with value: 0.33706499108778676.
[I 2026-02-06 10:30:39,146] Trial 41 finished with value: 0.2552417786606919 and parameters: {'diversity_lambda': 0.3968864749023601, 'neg_weight': 0.662182223323118, 'knn_k': 2, 'adaptive_hn_min': 0.008554210605367964, 'freshness_half_life': 86.7675035434218, 'hn_threshold_young': 8.931842617617036, 'hn_score_cap': 1519.817756835474, 'classifier_k_feat': 7, 'classifier_neg_sample_weight': 0.8894975007546837}. Best is trial 7 with value: 0.33706499108778676.
[I 2026-02-06 10:30:40,204] Trial 43 finished with value: 0.33818084753719097 and parameters: {'diversity_lambda': 0.30767120139732124, 'neg_weight': 0.6720890842423115, 'knn_k': 3, 'adaptive_hn_min': 0.005198439198178842, 'freshness_half_life': 96.80871474505643, 'hn_threshold_young': 8.435740583019, 'hn_score_cap': 1551.668373582274, 'classifier_k_feat': 6, 'classifier_neg_sample_weight': 1.1025955086144503}. Best is trial 43 with value: 0.33818084753719097.
[I 2026-02-06 10:32:35,304] Trial 44 pruned. 
[I 2026-02-06 10:32:36,146] Trial 45 pruned. 
[I 2026-02-06 10:32:39,156] Trial 46 finished with value: 0.2630350076511708 and parameters: {'diversity_lambda': 0.36006946211470103, 'neg_weight': 0.5651222160410323, 'knn_k': 1, 'adaptive_hn_min': 0.008253635253915106, 'freshness_half_life': 96.80317702040104, 'hn_threshold_young': 9.953359752845252, 'hn_score_cap': 1290.6609096402292, 'classifier_k_feat': 5, 'classifier_neg_sample_weight': 1.1082759648465765}. Best is trial 43 with value: 0.33818084753719097.
[I 2026-02-06 10:32:42,444] Trial 47 pruned. 
[I 2026-02-06 10:34:36,282] Trial 50 pruned. 
[I 2026-02-06 10:34:37,640] Trial 48 pruned. 
[I 2026-02-06 10:34:38,960] Trial 49 finished with value: 0.28331816280030037 and parameters: {'diversity_lambda': 0.28346247121391926, 'neg_weight': 0.775001213258061, 'knn_k': 4, 'adaptive_hn_min': 0.007607180345525755, 'freshness_half_life': 98.1652627555888, 'hn_threshold_young': 8.083131994887793, 'hn_score_cap': 1374.8917466710934, 'classifier_k_feat': 5, 'classifier_neg_sample_weight': 0.9570134340521748}. Best is trial 43 with value: 0.33818084753719097.
[I 2026-02-06 10:34:44,961] Trial 51 finished with value: 0.2848712357044729 and parameters: {'diversity_lambda': 0.2867878912849939, 'neg_weight': 0.5744839519786559, 'knn_k': 4, 'adaptive_hn_min': 0.007627463152650903, 'freshness_half_life': 96.65654541160849, 'hn_threshold_young': 10.134831886430996, 'hn_score_cap': 1443.107774756421, 'classifier_k_feat': 5, 'classifier_neg_sample_weight': 1.0726887011121462}. Best is trial 43 with value: 0.33818084753719097.
[I 2026-02-06 10:36:39,682] Trial 52 finished with value: 0.2755859670884281 and parameters: {'diversity_lambda': 0.5136620472972796, 'neg_weight': 0.45982197410041253, 'knn_k': 2, 'adaptive_hn_min': 0.028438355192144094, 'freshness_half_life': 85.6030035894579, 'hn_threshold_young': 14.118125366632452, 'hn_score_cap': 284.5255154353968, 'classifier_k_feat': 9, 'classifier_neg_sample_weight': 0.9895604081629414}. Best is trial 43 with value: 0.33818084753719097.
[I 2026-02-06 10:36:40,572] Trial 54 finished with value: 0.302863865604724 and parameters: {'diversity_lambda': 0.4093707929550996, 'neg_weight': 0.621450443941888, 'knn_k': 1, 'adaptive_hn_min': 0.02142408258780971, 'freshness_half_life': 92.18750758178798, 'hn_threshold_young': 5.135390227817142, 'hn_score_cap': 1426.715663180031, 'classifier_k_feat': 7, 'classifier_neg_sample_weight': 1.4223461678790288}. Best is trial 43 with value: 0.33818084753719097.
[I 2026-02-06 10:36:42,547] Trial 53 pruned. 
[I 2026-02-06 10:36:48,403] Trial 55 pruned. 
[I 2026-02-06 10:38:39,123] Trial 56 pruned. 
[I 2026-02-06 10:38:40,569] Trial 57 pruned. 
[I 2026-02-06 10:38:41,409] Trial 58 finished with value: 0.28589424634049154 and parameters: {'diversity_lambda': 0.3902437483154387, 'neg_weight': 0.3248578562255643, 'knn_k': 2, 'adaptive_hn_min': 0.03773820237611136, 'freshness_half_life': 70.56463014824863, 'hn_threshold_young': 13.407277394311828, 'hn_score_cap': 241.80367329343335, 'classifier_k_feat': 5, 'classifier_neg_sample_weight': 1.5535886013752265}. Best is trial 43 with value: 0.33818084753719097.
[I 2026-02-06 10:38:50,393] Trial 59 pruned. 
[I 2026-02-06 10:40:42,374] Trial 62 pruned. 
[I 2026-02-06 10:40:43,173] Trial 60 finished with value: 0.2905986426841789 and parameters: {'diversity_lambda': 0.34678638161974107, 'neg_weight': 0.3372513148082911, 'knn_k': 3, 'adaptive_hn_min': 0.03221021270866768, 'freshness_half_life': 94.76342380485202, 'hn_threshold_young': 13.999914775987573, 'hn_score_cap': 580.0157108209635, 'classifier_k_feat': 4, 'classifier_neg_sample_weight': 1.3484121246627194}. Best is trial 43 with value: 0.33818084753719097.
[I 2026-02-06 10:40:45,780] Trial 61 pruned. 
[I 2026-02-06 10:40:52,501] Trial 63 pruned. 
[I 2026-02-06 10:42:42,469] Trial 65 finished with value: 0.26860183285247285 and parameters: {'diversity_lambda': 0.3058300511550874, 'neg_weight': 0.5893839555747222, 'knn_k': 2, 'adaptive_hn_min': 0.030235518483278236, 'freshness_half_life': 59.0756435251379, 'hn_threshold_young': 14.444113729882764, 'hn_score_cap': 406.80020605700076, 'classifier_k_feat': 5, 'classifier_neg_sample_weight': 0.8572249541089085}. Best is trial 43 with value: 0.33818084753719097.
[I 2026-02-06 10:42:43,514] Trial 64 pruned. 
[I 2026-02-06 10:42:46,096] Trial 66 finished with value: 0.27189807662352555 and parameters: {'diversity_lambda': 0.2915861885925133, 'neg_weight': 0.49660145291173025, 'knn_k': 3, 'adaptive_hn_min': 0.04237722113132833, 'freshness_half_life': 52.86650334582715, 'hn_threshold_young': 10.999146205633467, 'hn_score_cap': 317.8778984464775, 'classifier_k_feat': 6, 'classifier_neg_sample_weight': 0.8434462177038103}. Best is trial 43 with value: 0.33818084753719097.
[I 2026-02-06 10:42:51,349] Trial 67 finished with value: 0.26030674753840866 and parameters: {'diversity_lambda': 0.2775452439757276, 'neg_weight': 0.40841499211317744, 'knn_k': 3, 'adaptive_hn_min': 0.047243213066171325, 'freshness_half_life': 59.34848558111836, 'hn_threshold_young': 14.109319783933381, 'hn_score_cap': 630.4181804874988, 'classifier_k_feat': 6, 'classifier_neg_sample_weight': 0.8482941081370875}. Best is trial 43 with value: 0.33818084753719097.
[I 2026-02-06 10:44:42,196] Trial 68 pruned. 
[I 2026-02-06 10:44:43,464] Trial 69 pruned. 
[I 2026-02-06 10:44:45,028] Trial 70 pruned. 
[I 2026-02-06 10:44:47,716] Trial 71 pruned. 
[I 2026-02-06 10:46:44,598] Trial 74 pruned. 
[I 2026-02-06 10:46:45,996] Trial 72 finished with value: 0.33227759175664207 and parameters: {'diversity_lambda': 0.5466876421507763, 'neg_weight': 0.34883715001672233, 'knn_k': 1, 'adaptive_hn_min': 0.018240857019290898, 'freshness_half_life': 94.13623519714317, 'hn_threshold_young': 12.428901593262452, 'hn_score_cap': 535.823508339416, 'classifier_k_feat': 4, 'classifier_neg_sample_weight': 1.462474495336534}. Best is trial 43 with value: 0.33818084753719097.
[I 2026-02-06 10:46:47,247] Trial 73 finished with value: 0.27397183694542165 and parameters: {'diversity_lambda': 0.46590141249900696, 'neg_weight': 0.30547740761704156, 'knn_k': 1, 'adaptive_hn_min': 0.008622424501259902, 'freshness_half_life': 78.94391624030274, 'hn_threshold_young': 15.52046771354492, 'hn_score_cap': 568.812886186449, 'classifier_k_feat': 5, 'classifier_neg_sample_weight': 1.2650233266674866}. Best is trial 43 with value: 0.33818084753719097.
[I 2026-02-06 10:46:48,706] Trial 75 finished with value: 0.2836904180615889 and parameters: {'diversity_lambda': 0.3459514860304489, 'neg_weight': 0.49430803888676283, 'knn_k': 4, 'adaptive_hn_min': 0.030787002244378928, 'freshness_half_life': 50.12458971556748, 'hn_threshold_young': 6.843743499816004, 'hn_score_cap': 190.67939349751796, 'classifier_k_feat': 3, 'classifier_neg_sample_weight': 1.3218106620692471}. Best is trial 43 with value: 0.33818084753719097.
[I 2026-02-06 10:48:46,476] Trial 76 pruned. 
[I 2026-02-06 10:48:47,765] Trial 78 pruned. 
[I 2026-02-06 10:48:48,881] Trial 77 finished with value: 0.22070278952578193 and parameters: {'diversity_lambda': 0.4979805484988961, 'neg_weight': 0.41307663118822535, 'knn_k': 1, 'adaptive_hn_min': 0.021644053900815946, 'freshness_half_life': 90.13820652387372, 'hn_threshold_young': 10.796742247075432, 'hn_score_cap': 923.2162496239482, 'classifier_k_feat': 4, 'classifier_neg_sample_weight': 1.2741394080277797}. Best is trial 43 with value: 0.33818084753719097.
[I 2026-02-06 10:48:50,736] Trial 79 pruned. 
[I 2026-02-06 10:50:48,838] Trial 82 finished with value: 0.25714800159996715 and parameters: {'diversity_lambda': 0.5743042518366362, 'neg_weight': 0.343559707314666, 'knn_k': 2, 'adaptive_hn_min': 0.004525232222935544, 'freshness_half_life': 97.39535345227506, 'hn_threshold_young': 15.883460441882091, 'hn_score_cap': 200.55526036421134, 'classifier_k_feat': 4, 'classifier_neg_sample_weight': 1.1728599626020373}. Best is trial 43 with value: 0.33818084753719097.
[I 2026-02-06 10:50:50,376] Trial 80 finished with value: 0.31895328326815425 and parameters: {'diversity_lambda': 0.40592727378706794, 'neg_weight': 0.4435880216282512, 'knn_k': 1, 'adaptive_hn_min': 0.02450728847800543, 'freshness_half_life': 88.77065232299509, 'hn_threshold_young': 9.340010912759483, 'hn_score_cap': 506.50866803904614, 'classifier_k_feat': 4, 'classifier_neg_sample_weight': 1.5324018803977084}. Best is trial 43 with value: 0.33818084753719097.
[I 2026-02-06 10:50:51,503] Trial 81 pruned. 
[I 2026-02-06 10:50:52,515] Trial 83 finished with value: 0.26620869136910064 and parameters: {'diversity_lambda': 0.5558280447083843, 'neg_weight': 0.4253740159014405, 'knn_k': 1, 'adaptive_hn_min': 0.020171948777611765, 'freshness_half_life': 93.93079648555027, 'hn_threshold_young': 12.110047217611058, 'hn_score_cap': 549.5955944611709, 'classifier_k_feat': 4, 'classifier_neg_sample_weight': 1.7023099926842622}. Best is trial 43 with value: 0.33818084753719097.
[I 2026-02-06 10:52:49,612] Trial 85 pruned. 
[I 2026-02-06 10:52:50,619] Trial 84 pruned. 
[I 2026-02-06 10:52:51,710] Trial 87 finished with value: 0.29385648599546216 and parameters: {'diversity_lambda': 0.31857310522486576, 'neg_weight': 0.6122798652711798, 'knn_k': 3, 'adaptive_hn_min': 0.01318986637750199, 'freshness_half_life': 95.26451715639712, 'hn_threshold_young': 5.778597757359023, 'hn_score_cap': 1520.240738119677, 'classifier_k_feat': 5, 'classifier_neg_sample_weight': 0.9172444523489129}. Best is trial 43 with value: 0.33818084753719097.
[I 2026-02-06 10:52:52,780] Trial 86 finished with value: 0.2771019614381922 and parameters: {'diversity_lambda': 0.5687510470831886, 'neg_weight': 0.30932441470881, 'knn_k': 2, 'adaptive_hn_min': 0.007733658328281696, 'freshness_half_life': 87.14368876007829, 'hn_threshold_young': 13.299474632562326, 'hn_score_cap': 736.3704253307016, 'classifier_k_feat': 3, 'classifier_neg_sample_weight': 1.3335103958413992}. Best is trial 43 with value: 0.33818084753719097.
[I 2026-02-06 10:54:52,634] Trial 91 pruned. 
[I 2026-02-06 10:54:53,494] Trial 90 finished with value: 0.2642889084592718 and parameters: {'diversity_lambda': 0.3696399057443151, 'neg_weight': 0.5513877636035548, 'knn_k': 3, 'adaptive_hn_min': 0.041147707836651774, 'freshness_half_life': 54.74331933172119, 'hn_threshold_young': 5.689884008284073, 'hn_score_cap': 880.2440520411741, 'classifier_k_feat': 3, 'classifier_neg_sample_weight': 1.1949542766811543}. Best is trial 43 with value: 0.33818084753719097.
[I 2026-02-06 10:54:54,571] Trial 88 pruned. 
[I 2026-02-06 10:54:55,552] Trial 89 pruned. 
[I 2026-02-06 10:56:56,115] Trial 94 pruned. 
[I 2026-02-06 10:56:56,907] Trial 92 finished with value: 0.2691091836620766 and parameters: {'diversity_lambda': 0.3757481971769582, 'neg_weight': 0.508511156657739, 'knn_k': 4, 'adaptive_hn_min': 0.05045142945079403, 'freshness_half_life': 45.93046910608657, 'hn_threshold_young': 4.341440780877269, 'hn_score_cap': 382.01510075330884, 'classifier_k_feat': 2, 'classifier_neg_sample_weight': 1.2441948862409222}. Best is trial 43 with value: 0.33818084753719097.
[I 2026-02-06 10:56:57,277] Trial 93 finished with value: 0.24833048284825165 and parameters: {'diversity_lambda': 0.29250472559677354, 'neg_weight': 0.5094604492366492, 'knn_k': 4, 'adaptive_hn_min': 0.05500679858234053, 'freshness_half_life': 48.1677315572791, 'hn_threshold_young': 4.413442222787994, 'hn_score_cap': 485.0677515135618, 'classifier_k_feat': 2, 'classifier_neg_sample_weight': 1.361942268617245}. Best is trial 43 with value: 0.33818084753719097.
[I 2026-02-06 10:56:58,055] Trial 95 finished with value: 0.30910144782531657 and parameters: {'diversity_lambda': 0.37113939056557743, 'neg_weight': 0.43460102740937984, 'knn_k': 1, 'adaptive_hn_min': 0.03720771009975339, 'freshness_half_life': 87.36089692701661, 'hn_threshold_young': 9.934247871341642, 'hn_score_cap': 385.07511856170834, 'classifier_k_feat': 3, 'classifier_neg_sample_weight': 1.280330421350722}. Best is trial 43 with value: 0.33818084753719097.
[I 2026-02-06 10:58:56,223] Trial 99 finished with value: 0.3569513222843046 and parameters: {'diversity_lambda': 0.3921863595920504, 'neg_weight': 0.3411494934989647, 'knn_k': 1, 'adaptive_hn_min': 0.021179230344689656, 'freshness_half_life': 90.0746371270121, 'hn_threshold_young': 7.6577337140154444, 'hn_score_cap': 651.3263750232936, 'classifier_k_feat': 5, 'classifier_neg_sample_weight': 1.7361545374544292}. Best is trial 99 with value: 0.3569513222843046.
[I 2026-02-06 10:58:56,992] Trial 96 pruned. 
[I 2026-02-06 10:58:57,932] Trial 98 finished with value: 0.31255404489314575 and parameters: {'diversity_lambda': 0.4434336352984537, 'neg_weight': 0.45086342005538554, 'knn_k': 1, 'adaptive_hn_min': 0.024716540464124876, 'freshness_half_life': 89.1391497966727, 'hn_threshold_young': 6.516384272438303, 'hn_score_cap': 424.12811370681186, 'classifier_k_feat': 5, 'classifier_neg_sample_weight': 1.5065441592069297}. Best is trial 99 with value: 0.3569513222843046.
[I 2026-02-06 10:58:59,039] Trial 97 finished with value: 0.2809401413703271 and parameters: {'diversity_lambda': 0.3841499459237452, 'neg_weight': 0.3417741332989689, 'knn_k': 2, 'adaptive_hn_min': 0.01686980165311052, 'freshness_half_life': 91.82226049050928, 'hn_threshold_young': 9.282899842954452, 'hn_score_cap': 862.7474315446307, 'classifier_k_feat': 4, 'classifier_neg_sample_weight': 1.917505160452948}. Best is trial 99 with value: 0.3569513222843046.
[I 2026-02-06 11:00:59,687] Trial 102 pruned. 
[I 2026-02-06 11:01:00,947] Trial 101 pruned. 
[I 2026-02-06 11:01:02,323] Trial 100 pruned. 
[I 2026-02-06 11:01:03,252] Trial 103 pruned. 
[I 2026-02-06 11:03:05,032] Trial 106 finished with value: 0.2330824895368715 and parameters: {'diversity_lambda': 0.28330981441862735, 'neg_weight': 0.32907592438769767, 'knn_k': 1, 'adaptive_hn_min': 0.03964237105704608, 'freshness_half_life': 75.63752659712807, 'hn_threshold_young': 5.69535476162215, 'hn_score_cap': 498.7896368159486, 'classifier_k_feat': 3, 'classifier_neg_sample_weight': 1.796122951754755}. Best is trial 99 with value: 0.3569513222843046.
[I 2026-02-06 11:03:06,255] Trial 105 pruned. 
[I 2026-02-06 11:03:07,164] Trial 104 pruned. 
[I 2026-02-06 11:03:08,206] Trial 107 pruned. 
[I 2026-02-06 11:05:06,905] Trial 109 finished with value: 0.2685131172200362 and parameters: {'diversity_lambda': 0.37379896259528156, 'neg_weight': 0.7255289145653443, 'knn_k': 1, 'adaptive_hn_min': 0.003511183573571698, 'freshness_half_life': 93.6067148236314, 'hn_threshold_young': 6.430345291986417, 'hn_score_cap': 1341.905601657224, 'classifier_k_feat': 5, 'classifier_neg_sample_weight': 1.3381659159342938}. Best is trial 99 with value: 0.3569513222843046.
[I 2026-02-06 11:05:09,899] Trial 111 pruned. 
[I 2026-02-06 11:05:10,998] Trial 110 finished with value: 0.2671247566795408 and parameters: {'diversity_lambda': 0.5831053611268704, 'neg_weight': 0.30473737124382927, 'knn_k': 1, 'adaptive_hn_min': 0.02965370335771978, 'freshness_half_life': 98.02577140420229, 'hn_threshold_young': 11.001160928597997, 'hn_score_cap': 603.5172870880544, 'classifier_k_feat': 4, 'classifier_neg_sample_weight': 1.3159227843014054}. Best is trial 99 with value: 0.3569513222843046.
[I 2026-02-06 11:05:12,068] Trial 108 pruned. 
[I 2026-02-06 11:07:09,297] Trial 112 finished with value: 0.3286349758356263 and parameters: {'diversity_lambda': 0.46692307303679265, 'neg_weight': 0.30209274610962455, 'knn_k': 1, 'adaptive_hn_min': 0.01224046112802604, 'freshness_half_life': 90.66909555796813, 'hn_threshold_young': 5.197073976738261, 'hn_score_cap': 445.23915375245736, 'classifier_k_feat': 8, 'classifier_neg_sample_weight': 1.84017391495539}. Best is trial 99 with value: 0.3569513222843046.
[I 2026-02-06 11:07:10,846] Trial 115 pruned. 
[I 2026-02-06 11:07:12,018] Trial 114 pruned. 
[I 2026-02-06 11:07:13,156] Trial 113 pruned. 
[I 2026-02-06 11:09:13,115] Trial 117 pruned. 
[I 2026-02-06 11:09:14,197] Trial 118 pruned. 
[I 2026-02-06 11:09:15,042] Trial 119 pruned. 
[I 2026-02-06 11:09:18,398] Trial 116 finished with value: 0.3276307349714641 and parameters: {'diversity_lambda': 0.45298613286100425, 'neg_weight': 0.3189380645910055, 'knn_k': 1, 'adaptive_hn_min': 0.002596883047942325, 'freshness_half_life': 85.02321753302046, 'hn_threshold_young': 5.00398353576638, 'hn_score_cap': 510.29495263620896, 'classifier_k_feat': 7, 'classifier_neg_sample_weight': 1.7352175837433208}. Best is trial 99 with value: 0.3569513222843046.
[I 2026-02-06 11:11:14,217] Trial 121 pruned. 
[I 2026-02-06 11:11:15,425] Trial 122 pruned. 
[I 2026-02-06 11:11:19,234] Trial 120 pruned. 
[I 2026-02-06 11:11:24,794] Trial 123 pruned. 
[I 2026-02-06 11:13:22,407] Trial 124 finished with value: 0.270932787451697 and parameters: {'diversity_lambda': 0.44628543325221876, 'neg_weight': 0.4547410968509561, 'knn_k': 1, 'adaptive_hn_min': 0.006245672424031604, 'freshness_half_life': 71.33023934865955, 'hn_threshold_young': 6.769258752801606, 'hn_score_cap': 489.333178173872, 'classifier_k_feat': 6, 'classifier_neg_sample_weight': 1.880292000695683}. Best is trial 99 with value: 0.3569513222843046.
[I 2026-02-06 11:13:24,257] Trial 125 finished with value: 0.20279439783275194 and parameters: {'diversity_lambda': 0.5430234759590674, 'neg_weight': 0.3071034881548099, 'knn_k': 1, 'adaptive_hn_min': 0.011856694780173599, 'freshness_half_life': 98.96393410042567, 'hn_threshold_young': 4.839517302338448, 'hn_score_cap': 609.4110493471167, 'classifier_k_feat': 7, 'classifier_neg_sample_weight': 1.8694458388645365}. Best is trial 99 with value: 0.3569513222843046.
[I 2026-02-06 11:13:26,048] Trial 126 pruned. 
[I 2026-02-06 11:13:32,996] Trial 127 finished with value: 0.29678904859576294 and parameters: {'diversity_lambda': 0.43521696463400844, 'neg_weight': 0.44020191948220777, 'knn_k': 1, 'adaptive_hn_min': 0.004696085278043255, 'freshness_half_life': 71.88467981120874, 'hn_threshold_young': 5.873246793165874, 'hn_score_cap': 734.1720576218851, 'classifier_k_feat': 7, 'classifier_neg_sample_weight': 1.4664891289959305}. Best is trial 99 with value: 0.3569513222843046.
[I 2026-02-06 11:15:28,829] Trial 129 finished with value: 0.2976138169403607 and parameters: {'diversity_lambda': 0.4646973654056305, 'neg_weight': 0.30672489848411677, 'knn_k': 1, 'adaptive_hn_min': 0.004981818075361882, 'freshness_half_life': 79.7337852375064, 'hn_threshold_young': 4.6764701168724425, 'hn_score_cap': 1075.026807041029, 'classifier_k_feat': 7, 'classifier_neg_sample_weight': 1.36235526426017}. Best is trial 99 with value: 0.3569513222843046.
[I 2026-02-06 11:15:29,801] Trial 128 pruned. 
[I 2026-02-06 11:15:30,904] Trial 130 pruned. 
[I 2026-02-06 11:15:38,321] Trial 131 pruned. 
[I 2026-02-06 11:17:33,200] Trial 134 pruned. 
[I 2026-02-06 11:17:33,964] Trial 132 pruned. 
[I 2026-02-06 11:17:37,513] Trial 133 pruned. 
[I 2026-02-06 11:17:42,665] Trial 135 pruned. 
[I 2026-02-06 11:19:36,313] Trial 136 finished with value: 0.3081312413059093 and parameters: {'diversity_lambda': 0.45171203033747565, 'neg_weight': 0.5020602733545618, 'knn_k': 1, 'adaptive_hn_min': 0.036138025675017296, 'freshness_half_life': 91.35927009904017, 'hn_threshold_young': 10.080104261805214, 'hn_score_cap': 827.0639515953324, 'classifier_k_feat': 2, 'classifier_neg_sample_weight': 1.5984721169423528}. Best is trial 99 with value: 0.3569513222843046.
[I 2026-02-06 11:19:39,030] Trial 138 pruned. 
[I 2026-02-06 11:19:39,924] Trial 137 pruned. 
[I 2026-02-06 11:19:45,947] Trial 139 pruned. 
[I 2026-02-06 11:21:47,143] Trial 140 pruned. 
[I 2026-02-06 11:21:49,889] Trial 141 pruned. 
[I 2026-02-06 11:21:53,183] Trial 142 pruned. 
[I 2026-02-06 11:21:58,144] Trial 143 pruned. 
[I 2026-02-06 11:23:54,041] Trial 144 finished with value: 0.3368995803778047 and parameters: {'diversity_lambda': 0.37722799256942724, 'neg_weight': 0.5834147170998009, 'knn_k': 1, 'adaptive_hn_min': 0.021708161039427302, 'freshness_half_life': 92.91863463338143, 'hn_threshold_young': 7.249541893216367, 'hn_score_cap': 1421.9705033620744, 'classifier_k_feat': 5, 'classifier_neg_sample_weight': 0.8889415304193388}. Best is trial 99 with value: 0.3569513222843046.
[I 2026-02-06 11:23:55,725] Trial 145 finished with value: 0.32932636088487205 and parameters: {'diversity_lambda': 0.43603925390787274, 'neg_weight': 0.43566836087212046, 'knn_k': 2, 'adaptive_hn_min': 0.06446168348791093, 'freshness_half_life': 99.00844705417482, 'hn_threshold_young': 13.648234746422526, 'hn_score_cap': 605.6204825299417, 'classifier_k_feat': 7, 'classifier_neg_sample_weight': 1.602946062788028}. Best is trial 99 with value: 0.3569513222843046.
[I 2026-02-06 11:23:57,667] Trial 146 pruned. 
[I 2026-02-06 11:24:03,850] Trial 147 finished with value: 0.3059291591060884 and parameters: {'diversity_lambda': 0.25153290752313434, 'neg_weight': 0.5505582702208154, 'knn_k': 1, 'adaptive_hn_min': 0.029937085577252928, 'freshness_half_life': 87.63659177080542, 'hn_threshold_young': 12.740163822209077, 'hn_score_cap': 282.74524091138, 'classifier_k_feat': 2, 'classifier_neg_sample_weight': 1.2003358345434698}. Best is trial 99 with value: 0.3569513222843046.
[I 2026-02-06 11:25:54,368] Trial 148 pruned. 
[I 2026-02-06 11:25:56,501] Trial 150 pruned. 
[I 2026-02-06 11:25:59,511] Trial 149 pruned. 
[I 2026-02-06 11:26:02,998] Trial 151 pruned. 
[I 2026-02-06 11:27:55,158] Trial 152 finished with value: 0.32311748216736175 and parameters: {'diversity_lambda': 0.4519714399020447, 'neg_weight': 0.5727697780175924, 'knn_k': 2, 'adaptive_hn_min': 0.06962994484538415, 'freshness_half_life': 98.40895484386965, 'hn_threshold_young': 13.46536958881899, 'hn_score_cap': 877.2671437105776, 'classifier_k_feat': 6, 'classifier_neg_sample_weight': 1.7503136942227924}. Best is trial 99 with value: 0.3569513222843046.
[I 2026-02-06 11:27:58,327] Trial 154 finished with value: 0.2941199242953509 and parameters: {'diversity_lambda': 0.3476044967421148, 'neg_weight': 0.4719360246746718, 'knn_k': 1, 'adaptive_hn_min': 0.03246502346055477, 'freshness_half_life': 85.20383961348305, 'hn_threshold_young': 5.916010079030234, 'hn_score_cap': 1513.5817336549476, 'classifier_k_feat': 4, 'classifier_neg_sample_weight': 1.2363271765856352}. Best is trial 99 with value: 0.3569513222843046.
[I 2026-02-06 11:28:00,397] Trial 153 pruned. 
[I 2026-02-06 11:28:02,890] Trial 155 finished with value: 0.3409717205324221 and parameters: {'diversity_lambda': 0.40728080363748675, 'neg_weight': 0.43562889898963303, 'knn_k': 2, 'adaptive_hn_min': 0.059958411946426565, 'freshness_half_life': 85.30400737283352, 'hn_threshold_young': 11.634446962444738, 'hn_score_cap': 311.7711995101118, 'classifier_k_feat': 6, 'classifier_neg_sample_weight': 1.723658402578258}. Best is trial 99 with value: 0.3569513222843046.
[I 2026-02-06 11:29:50,636] Trial 156 pruned. 
[I 2026-02-06 11:29:56,189] Trial 157 finished with value: 0.2879139990548222 and parameters: {'diversity_lambda': 0.41939730484588184, 'neg_weight': 0.3378143426004859, 'knn_k': 1, 'adaptive_hn_min': 0.04388161573007818, 'freshness_half_life': 91.99755236695786, 'hn_threshold_young': 15.573175334166654, 'hn_score_cap': 199.27956450886222, 'classifier_k_feat': 4, 'classifier_neg_sample_weight': 1.1273671006630013}. Best is trial 99 with value: 0.3569513222843046.
[I 2026-02-06 11:29:57,169] Trial 158 pruned. 
[I 2026-02-06 11:30:00,480] Trial 159 finished with value: 0.27464065644730895 and parameters: {'diversity_lambda': 0.5561994838376465, 'neg_weight': 0.5643033473423553, 'knn_k': 2, 'adaptive_hn_min': 0.04575522492952585, 'freshness_half_life': 99.66136285734015, 'hn_threshold_young': 15.598578164460218, 'hn_score_cap': 502.15222714115805, 'classifier_k_feat': 8, 'classifier_neg_sample_weight': 1.6430259579795137}. Best is trial 99 with value: 0.3569513222843046.
[I 2026-02-06 11:31:51,347] Trial 160 pruned. 
[I 2026-02-06 11:31:55,637] Trial 162 finished with value: 0.34941512638368744 and parameters: {'diversity_lambda': 0.32860580366719455, 'neg_weight': 0.6173790466782532, 'knn_k': 1, 'adaptive_hn_min': 0.05685355343505424, 'freshness_half_life': 94.95386524836675, 'hn_threshold_young': 13.610757073967843, 'hn_score_cap': 848.9149990906637, 'classifier_k_feat': 7, 'classifier_neg_sample_weight': 1.9511817273771996}. Best is trial 99 with value: 0.3569513222843046.
[I 2026-02-06 11:31:56,844] Trial 161 pruned. 
[I 2026-02-06 11:32:02,169] Trial 163 pruned. 
[I 2026-02-06 11:33:51,738] Trial 164 pruned. 
[I 2026-02-06 11:33:57,049] Trial 165 finished with value: 0.31569931364793213 and parameters: {'diversity_lambda': 0.37161833807542816, 'neg_weight': 0.5685307198909577, 'knn_k': 1, 'adaptive_hn_min': 0.03044462440846262, 'freshness_half_life': 97.61986499060338, 'hn_threshold_young': 7.387056586685244, 'hn_score_cap': 1177.9021278762648, 'classifier_k_feat': 5, 'classifier_neg_sample_weight': 0.9315284938489448}. Best is trial 99 with value: 0.3569513222843046.
[I 2026-02-06 11:34:00,264] Trial 166 pruned. 
[I 2026-02-06 11:34:04,430] Trial 167 pruned. 
[I 2026-02-06 11:35:54,885] Trial 168 pruned. 
[I 2026-02-06 11:35:59,015] Trial 170 finished with value: 0.30242326814639364 and parameters: {'diversity_lambda': 0.381623999804681, 'neg_weight': 0.6170248810932769, 'knn_k': 2, 'adaptive_hn_min': 0.06504075031083878, 'freshness_half_life': 94.79251482296758, 'hn_threshold_young': 13.300188704552655, 'hn_score_cap': 684.3637858052799, 'classifier_k_feat': 5, 'classifier_neg_sample_weight': 1.8381993402984302}. Best is trial 99 with value: 0.3569513222843046.
[I 2026-02-06 11:36:02,109] Trial 169 pruned. 
[I 2026-02-06 11:36:07,731] Trial 171 pruned. 
[I 2026-02-06 11:37:56,889] Trial 172 finished with value: 0.25745177839484834 and parameters: {'diversity_lambda': 0.37143569971180124, 'neg_weight': 0.7087908039785391, 'knn_k': 3, 'adaptive_hn_min': 0.06577660919732495, 'freshness_half_life': 99.74140873077548, 'hn_threshold_young': 14.003785587905044, 'hn_score_cap': 1056.7355733171996, 'classifier_k_feat': 4, 'classifier_neg_sample_weight': 1.793153813894544}. Best is trial 99 with value: 0.3569513222843046.
[I 2026-02-06 11:38:03,926] Trial 174 finished with value: 0.2936600738031005 and parameters: {'diversity_lambda': 0.49038088424595366, 'neg_weight': 0.6032201713943948, 'knn_k': 2, 'adaptive_hn_min': 0.05978407398502925, 'freshness_half_life': 94.3034113119957, 'hn_threshold_young': 14.521865211618538, 'hn_score_cap': 1064.6064412156752, 'classifier_k_feat': 6, 'classifier_neg_sample_weight': 1.8484612579735096}. Best is trial 99 with value: 0.3569513222843046.
[I 2026-02-06 11:38:06,309] Trial 173 finished with value: 0.3069273050794731 and parameters: {'diversity_lambda': 0.31026151782474065, 'neg_weight': 0.6218499403809356, 'knn_k': 1, 'adaptive_hn_min': 0.06741694075102117, 'freshness_half_life': 90.73661551991188, 'hn_threshold_young': 14.978993174178736, 'hn_score_cap': 683.5975797982805, 'classifier_k_feat': 7, 'classifier_neg_sample_weight': 1.9964786147130311}. Best is trial 99 with value: 0.3569513222843046.
[I 2026-02-06 11:38:09,776] Trial 175 pruned. 
[I 2026-02-06 11:39:56,254] Trial 176 finished with value: 0.2997193704015695 and parameters: {'diversity_lambda': 0.4230861548769868, 'neg_weight': 0.5365226866415111, 'knn_k': 2, 'adaptive_hn_min': 0.06695029354969054, 'freshness_half_life': 92.82257243874523, 'hn_threshold_young': 12.932330468835499, 'hn_score_cap': 960.6465953075376, 'classifier_k_feat': 6, 'classifier_neg_sample_weight': 1.5275555352185402}. Best is trial 99 with value: 0.3569513222843046.
[I 2026-02-06 11:40:02,678] Trial 177 finished with value: 0.2928281332854909 and parameters: {'diversity_lambda': 0.5898988056840833, 'neg_weight': 0.3468239736513993, 'knn_k': 2, 'adaptive_hn_min': 0.003423443260963513, 'freshness_half_life': 59.228420515987786, 'hn_threshold_young': 15.296586275038381, 'hn_score_cap': 514.5597549711852, 'classifier_k_feat': 9, 'classifier_neg_sample_weight': 0.8208360303636697}. Best is trial 99 with value: 0.3569513222843046.
[I 2026-02-06 11:40:04,790] Trial 178 pruned. 
[I 2026-02-06 11:40:12,461] Trial 179 finished with value: 0.2501163941312903 and parameters: {'diversity_lambda': 0.30542135214732113, 'neg_weight': 0.6983427722419908, 'knn_k': 1, 'adaptive_hn_min': 0.044048915222523695, 'freshness_half_life': 98.0058152874014, 'hn_threshold_young': 13.447872297119261, 'hn_score_cap': 1182.7474503608487, 'classifier_k_feat': 6, 'classifier_neg_sample_weight': 1.8264431895788251}. Best is trial 99 with value: 0.3569513222843046.
[I 2026-02-06 11:41:59,285] Trial 180 finished with value: 0.3460587796780744 and parameters: {'diversity_lambda': 0.3441650995720202, 'neg_weight': 0.6704096936665412, 'knn_k': 1, 'adaptive_hn_min': 0.03890865626661087, 'freshness_half_life': 88.48512907993465, 'hn_threshold_young': 13.410926081143392, 'hn_score_cap': 968.8142041404295, 'classifier_k_feat': 6, 'classifier_neg_sample_weight': 1.8475665630362228}. Best is trial 99 with value: 0.3569513222843046.
[I 2026-02-06 11:42:03,376] Trial 182 pruned. 
[I 2026-02-06 11:42:08,040] Trial 181 pruned. 
[I 2026-02-06 11:42:13,600] Trial 183 finished with value: 0.28603324158929466 and parameters: {'diversity_lambda': 0.3182548859114696, 'neg_weight': 0.47137867558319035, 'knn_k': 2, 'adaptive_hn_min': 0.05151243968153783, 'freshness_half_life': 70.86831070588941, 'hn_threshold_young': 14.590874102714654, 'hn_score_cap': 154.45732131126158, 'classifier_k_feat': 5, 'classifier_neg_sample_weight': 1.001677585743226}. Best is trial 99 with value: 0.3569513222843046.
[I 2026-02-06 11:44:01,459] Trial 184 finished with value: 0.3024684070135145 and parameters: {'diversity_lambda': 0.33549338116939686, 'neg_weight': 0.602105208544773, 'knn_k': 1, 'adaptive_hn_min': 0.032738738664482576, 'freshness_half_life': 80.21461242050616, 'hn_threshold_young': 11.731136077860397, 'hn_score_cap': 1109.2374398822471, 'classifier_k_feat': 5, 'classifier_neg_sample_weight': 1.4905563052919568}. Best is trial 99 with value: 0.3569513222843046.
[I 2026-02-06 11:44:04,820] Trial 185 pruned. 
[I 2026-02-06 11:44:09,439] Trial 186 finished with value: 0.3187024585092779 and parameters: {'diversity_lambda': 0.31364358905691525, 'neg_weight': 0.7436813070740766, 'knn_k': 1, 'adaptive_hn_min': 0.017313971103278793, 'freshness_half_life': 90.41087899470196, 'hn_threshold_young': 5.090312606679935, 'hn_score_cap': 1572.7110241035489, 'classifier_k_feat': 4, 'classifier_neg_sample_weight': 0.8382649278358509}. Best is trial 99 with value: 0.3569513222843046.
[I 2026-02-06 11:44:14,781] Trial 187 finished with value: 0.27921243295987136 and parameters: {'diversity_lambda': 0.341069372655752, 'neg_weight': 0.5800853526509306, 'knn_k': 1, 'adaptive_hn_min': 0.014761954106042235, 'freshness_half_life': 99.25880460772339, 'hn_threshold_young': 7.347605591895995, 'hn_score_cap': 1291.3199294456379, 'classifier_k_feat': 5, 'classifier_neg_sample_weight': 1.2861877366329604}. Best is trial 99 with value: 0.3569513222843046.
[I 2026-02-06 11:46:02,796] Trial 188 pruned. 
[I 2026-02-06 11:46:05,417] Trial 189 pruned. 
[I 2026-02-06 11:46:09,273] Trial 190 finished with value: 0.3009840629277334 and parameters: {'diversity_lambda': 0.29683310431239307, 'neg_weight': 0.6051054001746733, 'knn_k': 1, 'adaptive_hn_min': 0.04632111550689253, 'freshness_half_life': 94.072193509073, 'hn_threshold_young': 9.61384481182474, 'hn_score_cap': 844.4124118737408, 'classifier_k_feat': 7, 'classifier_neg_sample_weight': 1.737903984887672}. Best is trial 99 with value: 0.3569513222843046.
[I 2026-02-06 11:46:11,194] Trial 191 finished with value: 0.3611602761924478 and parameters: {'diversity_lambda': 0.4159473388003206, 'neg_weight': 0.39223959025603666, 'knn_k': 1, 'adaptive_hn_min': 0.0649463009781999, 'freshness_half_life': 97.93723853354045, 'hn_threshold_young': 10.360229374941447, 'hn_score_cap': 412.21706946750965, 'classifier_k_feat': 7, 'classifier_neg_sample_weight': 1.463640645024982}. Best is trial 191 with value: 0.3611602761924478.
[I 2026-02-06 11:48:05,237] Trial 192 pruned. 
[I 2026-02-06 11:48:08,183] Trial 193 finished with value: 0.33179598742116945 and parameters: {'diversity_lambda': 0.3785208433530273, 'neg_weight': 0.346539265385741, 'knn_k': 1, 'adaptive_hn_min': 0.04642718503831943, 'freshness_half_life': 81.40413403356366, 'hn_threshold_young': 15.977109168691793, 'hn_score_cap': 606.9385796060554, 'classifier_k_feat': 7, 'classifier_neg_sample_weight': 1.3196170614906966}. Best is trial 191 with value: 0.3611602761924478.
[I 2026-02-06 11:48:09,825] Trial 194 pruned. 
[I 2026-02-06 11:48:11,604] Trial 195 finished with value: 0.3288626177069735 and parameters: {'diversity_lambda': 0.3691737430316302, 'neg_weight': 0.5811577094946989, 'knn_k': 1, 'adaptive_hn_min': 0.02565174942964024, 'freshness_half_life': 85.02466474050587, 'hn_threshold_young': 8.701604171418365, 'hn_score_cap': 1425.1521243994441, 'classifier_k_feat': 6, 'classifier_neg_sample_weight': 1.1161476814086866}. Best is trial 191 with value: 0.3611602761924478.
[I 2026-02-06 11:50:09,988] Trial 196 pruned. 
[I 2026-02-06 11:50:11,931] Trial 198 finished with value: 0.3514468974834938 and parameters: {'diversity_lambda': 0.46969303558119324, 'neg_weight': 0.43852903793461334, 'knn_k': 1, 'adaptive_hn_min': 0.05829791219513627, 'freshness_half_life': 89.1312734790131, 'hn_threshold_young': 12.468728819648813, 'hn_score_cap': 281.910458362462, 'classifier_k_feat': 8, 'classifier_neg_sample_weight': 1.1076224512360369}. Best is trial 191 with value: 0.3611602761924478.
[I 2026-02-06 11:50:12,893] Trial 197 finished with value: 0.3431250346957755 and parameters: {'diversity_lambda': 0.41134424765666117, 'neg_weight': 0.43188579043663494, 'knn_k': 1, 'adaptive_hn_min': 0.05710688124603708, 'freshness_half_life': 87.83759246258037, 'hn_threshold_young': 11.054070470016919, 'hn_score_cap': 317.3871385869194, 'classifier_k_feat': 9, 'classifier_neg_sample_weight': 1.3072271093845593}. Best is trial 191 with value: 0.3611602761924478.
[I 2026-02-06 11:50:14,501] Trial 199 pruned. 
[I 2026-02-06 11:52:10,478] Trial 201 finished with value: 0.25736638978841203 and parameters: {'diversity_lambda': 0.5054888040855519, 'neg_weight': 0.33237552630817746, 'knn_k': 1, 'adaptive_hn_min': 0.06296708071053446, 'freshness_half_life': 97.81689288097262, 'hn_threshold_young': 8.736373512302244, 'hn_score_cap': 638.2512468275893, 'classifier_k_feat': 7, 'classifier_neg_sample_weight': 1.58486832138651}. Best is trial 191 with value: 0.3611602761924478.
[I 2026-02-06 11:52:11,223] Trial 200 pruned. 
[I 2026-02-06 11:52:12,280] Trial 202 finished with value: 0.3396290364520169 and parameters: {'diversity_lambda': 0.3514978447466275, 'neg_weight': 0.3841166291737146, 'knn_k': 1, 'adaptive_hn_min': 0.05599311130819854, 'freshness_half_life': 75.24375563022022, 'hn_threshold_young': 11.121565198178105, 'hn_score_cap': 131.72504480775686, 'classifier_k_feat': 9, 'classifier_neg_sample_weight': 1.4128378141438662}. Best is trial 191 with value: 0.3611602761924478.
[I 2026-02-06 11:52:13,283] Trial 203 pruned. 
[I 2026-02-06 11:54:10,312] Trial 204 pruned. 
[I 2026-02-06 11:54:12,013] Trial 206 finished with value: 0.3383309131417159 and parameters: {'diversity_lambda': 0.4012910484251326, 'neg_weight': 0.41975041296039023, 'knn_k': 2, 'adaptive_hn_min': 0.06824161736683809, 'freshness_half_life': 68.40939293809284, 'hn_threshold_young': 8.92122687642783, 'hn_score_cap': 215.16978726596926, 'classifier_k_feat': 9, 'classifier_neg_sample_weight': 1.3361412176740857}. Best is trial 191 with value: 0.3611602761924478.
[I 2026-02-06 11:54:13,106] Trial 205 pruned. 
[I 2026-02-06 11:54:14,638] Trial 207 pruned. 
[I 2026-02-06 11:56:10,240] Trial 208 pruned. 
[I 2026-02-06 11:56:12,606] Trial 209 finished with value: 0.29278451378528836 and parameters: {'diversity_lambda': 0.3200709926992965, 'neg_weight': 0.377703781915543, 'knn_k': 2, 'adaptive_hn_min': 0.06061020192113447, 'freshness_half_life': 62.228810000122174, 'hn_threshold_young': 12.83047485757076, 'hn_score_cap': 155.17814842026033, 'classifier_k_feat': 9, 'classifier_neg_sample_weight': 1.3161106173980348}. Best is trial 191 with value: 0.3611602761924478.
[I 2026-02-06 11:56:13,475] Trial 210 pruned. 
[I 2026-02-06 11:56:14,436] Trial 211 pruned. 
[I 2026-02-06 11:58:16,434] Trial 212 pruned. 
[I 2026-02-06 11:58:17,340] Trial 214 finished with value: 0.2767178185062247 and parameters: {'diversity_lambda': 0.33820951557568524, 'neg_weight': 0.4305880053903164, 'knn_k': 2, 'adaptive_hn_min': 0.04102175259718227, 'freshness_half_life': 79.35930349573255, 'hn_threshold_young': 6.905906154337563, 'hn_score_cap': 171.2849812167796, 'classifier_k_feat': 9, 'classifier_neg_sample_weight': 1.1483624046892642}. Best is trial 191 with value: 0.3611602761924478.
[I 2026-02-06 11:58:18,485] Trial 215 finished with value: 0.3063803504774401 and parameters: {'diversity_lambda': 0.3712472160576996, 'neg_weight': 0.622950304474036, 'knn_k': 1, 'adaptive_hn_min': 0.023454468672714644, 'freshness_half_life': 86.28361035702278, 'hn_threshold_young': 9.105211950383623, 'hn_score_cap': 1566.353377124527, 'classifier_k_feat': 6, 'classifier_neg_sample_weight': 0.8833666751851651}. Best is trial 191 with value: 0.3611602761924478.
[I 2026-02-06 11:58:19,568] Trial 213 pruned. 
[I 2026-02-06 12:00:18,619] Trial 218 pruned. 
[I 2026-02-06 12:00:20,111] Trial 216 pruned. 
[I 2026-02-06 12:00:21,201] Trial 219 finished with value: 0.2927371656844511 and parameters: {'diversity_lambda': 0.40441064655750514, 'neg_weight': 0.31217177898180876, 'knn_k': 1, 'adaptive_hn_min': 0.0609800765103971, 'freshness_half_life': 91.24598875843415, 'hn_threshold_young': 9.743717739192926, 'hn_score_cap': 154.9935726357902, 'classifier_k_feat': 7, 'classifier_neg_sample_weight': 1.5584682066928401}. Best is trial 191 with value: 0.3611602761924478.
[I 2026-02-06 12:00:22,040] Trial 217 pruned. 
[I 2026-02-06 12:02:21,690] Trial 223 finished with value: 0.3360556858720131 and parameters: {'diversity_lambda': 0.40383506627259913, 'neg_weight': 0.5503506640384191, 'knn_k': 2, 'adaptive_hn_min': 0.01919427575809759, 'freshness_half_life': 68.79113552330244, 'hn_threshold_young': 11.825307261991341, 'hn_score_cap': 327.5424269286425, 'classifier_k_feat': 9, 'classifier_neg_sample_weight': 0.8482905310727331}. Best is trial 191 with value: 0.3611602761924478.
[I 2026-02-06 12:02:22,193] Trial 220 pruned. 
[I 2026-02-06 12:02:23,697] Trial 221 pruned. 
[I 2026-02-06 12:02:24,708] Trial 222 finished with value: 0.34318690477411007 and parameters: {'diversity_lambda': 0.3711464631196146, 'neg_weight': 0.5422461704181757, 'knn_k': 3, 'adaptive_hn_min': 0.05560465221322135, 'freshness_half_life': 99.65299398993824, 'hn_threshold_young': 11.367827266800735, 'hn_score_cap': 279.9540830236709, 'classifier_k_feat': 9, 'classifier_neg_sample_weight': 1.742904652689324}. Best is trial 191 with value: 0.3611602761924478.
[I 2026-02-06 12:04:24,428] Trial 225 pruned. 
[I 2026-02-06 12:04:25,481] Trial 227 pruned. 
[I 2026-02-06 12:04:26,528] Trial 224 finished with value: 0.25420237344090574 and parameters: {'diversity_lambda': 0.43553750419129345, 'neg_weight': 0.609079427528693, 'knn_k': 3, 'adaptive_hn_min': 0.020391592067057245, 'freshness_half_life': 67.85088806262961, 'hn_threshold_young': 14.951913528184502, 'hn_score_cap': 309.20156201830855, 'classifier_k_feat': 9, 'classifier_neg_sample_weight': 0.7545499459133227}. Best is trial 191 with value: 0.3611602761924478.
[I 2026-02-06 12:04:27,576] Trial 226 finished with value: 0.25845235690014035 and parameters: {'diversity_lambda': 0.3884051440045655, 'neg_weight': 0.42209718349667447, 'knn_k': 2, 'adaptive_hn_min': 0.06667959258846978, 'freshness_half_life': 61.07524476275151, 'hn_threshold_young': 8.886814769668025, 'hn_score_cap': 331.44198423136874, 'classifier_k_feat': 9, 'classifier_neg_sample_weight': 1.19051139926131}. Best is trial 191 with value: 0.3611602761924478.
