/home/dev/hn_rerank/optimize_hyperparameters.py:362: ExperimentalWarning: Argument ``multivariate`` is an experimental feature. The interface can change in the future.
  sampler = TPESampler(
/home/dev/hn_rerank/optimize_hyperparameters.py:362: ExperimentalWarning: Argument ``group`` is an experimental feature. The interface can change in the future.
  sampler = TPESampler(
[I 2026-02-06 10:06:39,627] A new study created in memory with name: no-name-f778f864-42dc-446b-ac5c-1342156090bd
[I 2026-02-06 10:08:58,615] Trial 3 finished with value: 0.3275890729917162 and parameters: {'diversity_lambda': 0.48866377371668557, 'neg_weight': 0.6784946644151982, 'knn_k': 4, 'adaptive_hn_min': 0.048752905495022064, 'freshness_half_life': 76.81881596165937, 'hn_threshold_young': 10.300364302375916, 'hn_score_cap': 1172.294793190833, 'classifier_k_feat': 3, 'classifier_neg_sample_weight': 1.9718284592410407}. Best is trial 3 with value: 0.3275890729917162.
[I 2026-02-06 10:08:58,948] Trial 2 finished with value: 0.2577101218604201 and parameters: {'diversity_lambda': 0.4277624183195694, 'neg_weight': 0.3547648397376252, 'knn_k': 2, 'adaptive_hn_min': 0.017067756232056145, 'freshness_half_life': 91.89984390259153, 'hn_threshold_young': 12.989882874043293, 'hn_score_cap': 1085.7942065822149, 'classifier_k_feat': 7, 'classifier_neg_sample_weight': 1.4383069002656454}. Best is trial 3 with value: 0.3275890729917162.
[I 2026-02-06 10:08:59,259] Trial 1 finished with value: 0.29033479364339093 and parameters: {'diversity_lambda': 0.24636910629208597, 'neg_weight': 0.4261755804072753, 'knn_k': 3, 'adaptive_hn_min': 0.047694843923923924, 'freshness_half_life': 88.20626660585992, 'hn_threshold_young': 6.567834188801912, 'hn_score_cap': 195.05143420260794, 'classifier_k_feat': 6, 'classifier_neg_sample_weight': 0.7464012994031567}. Best is trial 3 with value: 0.3275890729917162.
[I 2026-02-06 10:08:59,599] Trial 0 finished with value: 0.2513888241898263 and parameters: {'diversity_lambda': 0.21574656398878866, 'neg_weight': 0.752183296427176, 'knn_k': 3, 'adaptive_hn_min': 0.020764306325395117, 'freshness_half_life': 80.44032862259866, 'hn_threshold_young': 12.41545071143282, 'hn_score_cap': 1313.3089876722438, 'classifier_k_feat': 3, 'classifier_neg_sample_weight': 1.999267043432254}. Best is trial 3 with value: 0.3275890729917162.
[I 2026-02-06 10:11:10,359] Trial 5 finished with value: 0.3264953611996483 and parameters: {'diversity_lambda': 0.5703716994240721, 'neg_weight': 0.7182440398416736, 'knn_k': 1, 'adaptive_hn_min': 0.00196042114563628, 'freshness_half_life': 90.52281505741112, 'hn_threshold_young': 14.526276419671445, 'hn_score_cap': 1198.9363568239792, 'classifier_k_feat': 3, 'classifier_neg_sample_weight': 1.2041420465206247}. Best is trial 3 with value: 0.3275890729917162.
[I 2026-02-06 10:11:10,710] Trial 7 finished with value: 0.2778556825392408 and parameters: {'diversity_lambda': 0.5595647832049977, 'neg_weight': 0.543568474927405, 'knn_k': 1, 'adaptive_hn_min': 0.045191052266179484, 'freshness_half_life': 85.13428452538065, 'hn_threshold_young': 9.858161940927943, 'hn_score_cap': 1372.8961956258224, 'classifier_k_feat': 4, 'classifier_neg_sample_weight': 0.9313002404180746}. Best is trial 3 with value: 0.3275890729917162.
[I 2026-02-06 10:11:11,279] Trial 6 finished with value: 0.2601241043302273 and parameters: {'diversity_lambda': 0.5967775323031735, 'neg_weight': 0.4238992969681687, 'knn_k': 2, 'adaptive_hn_min': 0.05922836718009409, 'freshness_half_life': 92.29321499282463, 'hn_threshold_young': 7.562013427096488, 'hn_score_cap': 1551.4807251550187, 'classifier_k_feat': 8, 'classifier_neg_sample_weight': 0.9314504157142303}. Best is trial 3 with value: 0.3275890729917162.
[I 2026-02-06 10:11:11,568] Trial 4 finished with value: 0.2703901918028045 and parameters: {'diversity_lambda': 0.43661297976415125, 'neg_weight': 0.5892686088562347, 'knn_k': 4, 'adaptive_hn_min': 0.03601844449963141, 'freshness_half_life': 64.51164831069738, 'hn_threshold_young': 8.696814606944148, 'hn_score_cap': 792.3395532893971, 'classifier_k_feat': 8, 'classifier_neg_sample_weight': 1.0605042144309687}. Best is trial 3 with value: 0.3275890729917162.
[I 2026-02-06 10:13:13,755] Trial 8 finished with value: 0.284857211115817 and parameters: {'diversity_lambda': 0.20465957586978664, 'neg_weight': 0.6084620797288895, 'knn_k': 1, 'adaptive_hn_min': 0.024365584120107052, 'freshness_half_life': 96.86406653566986, 'hn_threshold_young': 6.929791838219545, 'hn_score_cap': 1123.787196379379, 'classifier_k_feat': 5, 'classifier_neg_sample_weight': 0.734447064708089}. Best is trial 3 with value: 0.3275890729917162.
[I 2026-02-06 10:13:15,199] Trial 10 finished with value: 0.23845958663732503 and parameters: {'diversity_lambda': 0.46112264482356613, 'neg_weight': 0.7766578325703756, 'knn_k': 1, 'adaptive_hn_min': 0.04762628391138845, 'freshness_half_life': 94.60690699073989, 'hn_threshold_young': 15.627648186489296, 'hn_score_cap': 1115.9653922167204, 'classifier_k_feat': 3, 'classifier_neg_sample_weight': 1.0968308042703885}. Best is trial 3 with value: 0.3275890729917162.
[I 2026-02-06 10:13:17,219] Trial 9 pruned. 
[I 2026-02-06 10:13:19,236] Trial 11 finished with value: 0.3198239178934092 and parameters: {'diversity_lambda': 0.3385417446135174, 'neg_weight': 0.6607998420930323, 'knn_k': 2, 'adaptive_hn_min': 0.057728553526137885, 'freshness_half_life': 78.7013559677252, 'hn_threshold_young': 10.622309930946923, 'hn_score_cap': 722.0789732913423, 'classifier_k_feat': 3, 'classifier_neg_sample_weight': 1.3699024909448698}. Best is trial 3 with value: 0.3275890729917162.
[I 2026-02-06 10:15:08,665] Trial 14 pruned. 
[I 2026-02-06 10:15:11,052] Trial 13 pruned. 
[I 2026-02-06 10:15:13,545] Trial 12 pruned. 
[I 2026-02-06 10:15:17,133] Trial 15 finished with value: 0.32501801245679945 and parameters: {'diversity_lambda': 0.5342622039751529, 'neg_weight': 0.7446191708624879, 'knn_k': 1, 'adaptive_hn_min': 0.008331966365898086, 'freshness_half_life': 83.44455391074978, 'hn_threshold_young': 13.512880564033251, 'hn_score_cap': 1170.3311359767238, 'classifier_k_feat': 2, 'classifier_neg_sample_weight': 1.3528163024406008}. Best is trial 3 with value: 0.3275890729917162.
[I 2026-02-06 10:17:14,229] Trial 16 pruned. 
[I 2026-02-06 10:17:15,724] Trial 17 finished with value: 0.3317653198807721 and parameters: {'diversity_lambda': 0.45940624737027896, 'neg_weight': 0.5184948122792736, 'knn_k': 4, 'adaptive_hn_min': 0.03939547120559574, 'freshness_half_life': 86.299043386579, 'hn_threshold_young': 7.757326804246899, 'hn_score_cap': 1130.8290071980518, 'classifier_k_feat': 5, 'classifier_neg_sample_weight': 1.9895927675388778}. Best is trial 17 with value: 0.3317653198807721.
[I 2026-02-06 10:17:17,404] Trial 18 pruned. 
[I 2026-02-06 10:17:24,997] Trial 19 pruned. 
[I 2026-02-06 10:19:19,626] Trial 21 finished with value: 0.3293321676970686 and parameters: {'diversity_lambda': 0.3105868834538994, 'neg_weight': 0.5474939636313794, 'knn_k': 4, 'adaptive_hn_min': 0.04930119591055936, 'freshness_half_life': 98.12674425719663, 'hn_threshold_young': 6.543192269946045, 'hn_score_cap': 981.993384058594, 'classifier_k_feat': 3, 'classifier_neg_sample_weight': 1.774623984488901}. Best is trial 17 with value: 0.3317653198807721.
[I 2026-02-06 10:19:20,707] Trial 20 pruned. 
[I 2026-02-06 10:19:23,554] Trial 22 finished with value: 0.2687446982643906 and parameters: {'diversity_lambda': 0.4498126619702829, 'neg_weight': 0.5324636951903254, 'knn_k': 3, 'adaptive_hn_min': 0.015848543006238357, 'freshness_half_life': 80.48013011499617, 'hn_threshold_young': 7.195400589879899, 'hn_score_cap': 979.4155259860071, 'classifier_k_feat': 7, 'classifier_neg_sample_weight': 1.9111583615498524}. Best is trial 17 with value: 0.3317653198807721.
[I 2026-02-06 10:19:28,904] Trial 23 pruned. 
[I 2026-02-06 10:21:33,920] Trial 24 pruned. 
[I 2026-02-06 10:21:35,113] Trial 25 finished with value: 0.35748005706152763 and parameters: {'diversity_lambda': 0.3350225690018397, 'neg_weight': 0.5318158292565436, 'knn_k': 4, 'adaptive_hn_min': 0.049438916883167504, 'freshness_half_life': 97.9470982147229, 'hn_threshold_young': 5.549819046532109, 'hn_score_cap': 751.9688162996744, 'classifier_k_feat': 3, 'classifier_neg_sample_weight': 1.90321641344472}. Best is trial 25 with value: 0.35748005706152763.
[I 2026-02-06 10:21:38,486] Trial 26 finished with value: 0.30944028541879176 and parameters: {'diversity_lambda': 0.3048895935904554, 'neg_weight': 0.5301547181373844, 'knn_k': 4, 'adaptive_hn_min': 0.06151471471871314, 'freshness_half_life': 92.46539954833912, 'hn_threshold_young': 8.135780593928356, 'hn_score_cap': 912.0333664813745, 'classifier_k_feat': 4, 'classifier_neg_sample_weight': 1.6906941653890877}. Best is trial 25 with value: 0.35748005706152763.
[I 2026-02-06 10:21:45,006] Trial 27 finished with value: 0.31517253577807336 and parameters: {'diversity_lambda': 0.3310259043176781, 'neg_weight': 0.5837903822426088, 'knn_k': 4, 'adaptive_hn_min': 0.05068391117175876, 'freshness_half_life': 82.08321411481631, 'hn_threshold_young': 4.422215186282877, 'hn_score_cap': 902.8207143968518, 'classifier_k_feat': 5, 'classifier_neg_sample_weight': 1.9627435419090218}. Best is trial 25 with value: 0.35748005706152763.
[I 2026-02-06 10:23:42,586] Trial 28 finished with value: 0.21109265383089265 and parameters: {'diversity_lambda': 0.39412751599994844, 'neg_weight': 0.730349684760192, 'knn_k': 4, 'adaptive_hn_min': 0.04127404865571158, 'freshness_half_life': 86.11763000845357, 'hn_threshold_young': 6.006474209398572, 'hn_score_cap': 1099.4825321925825, 'classifier_k_feat': 5, 'classifier_neg_sample_weight': 1.8391795873909118}. Best is trial 25 with value: 0.35748005706152763.
[I 2026-02-06 10:23:43,309] Trial 30 pruned. 
[I 2026-02-06 10:23:48,557] Trial 29 pruned. 
[I 2026-02-06 10:23:56,963] Trial 31 finished with value: 0.3258241061755408 and parameters: {'diversity_lambda': 0.4174095088051878, 'neg_weight': 0.3467987199670478, 'knn_k': 3, 'adaptive_hn_min': 0.03838109609174393, 'freshness_half_life': 97.91568221482271, 'hn_threshold_young': 7.98841914244597, 'hn_score_cap': 350.45950259699725, 'classifier_k_feat': 4, 'classifier_neg_sample_weight': 1.7761536220035212}. Best is trial 25 with value: 0.35748005706152763.
[I 2026-02-06 10:25:53,631] Trial 32 pruned. 
[I 2026-02-06 10:25:55,932] Trial 34 pruned. 
[I 2026-02-06 10:25:57,479] Trial 33 finished with value: 0.35753921136053457 and parameters: {'diversity_lambda': 0.43300285254579673, 'neg_weight': 0.3250878446297169, 'knn_k': 4, 'adaptive_hn_min': 0.05107015943717881, 'freshness_half_life': 91.85562019164252, 'hn_threshold_young': 7.198485397433502, 'hn_score_cap': 1151.2607416375586, 'classifier_k_feat': 3, 'classifier_neg_sample_weight': 1.7375182122947352}. Best is trial 33 with value: 0.35753921136053457.
[I 2026-02-06 10:26:05,989] Trial 35 finished with value: 0.35194671191875876 and parameters: {'diversity_lambda': 0.2365197706539775, 'neg_weight': 0.4530752455234735, 'knn_k': 3, 'adaptive_hn_min': 0.0388980913298143, 'freshness_half_life': 87.92184726049155, 'hn_threshold_young': 5.507764304493919, 'hn_score_cap': 1058.1142972322332, 'classifier_k_feat': 2, 'classifier_neg_sample_weight': 1.4731972175729031}. Best is trial 33 with value: 0.35753921136053457.
[I 2026-02-06 10:27:54,358] Trial 36 finished with value: 0.3536062708662391 and parameters: {'diversity_lambda': 0.5700508210211006, 'neg_weight': 0.6272666955180375, 'knn_k': 4, 'adaptive_hn_min': 0.05213767183863476, 'freshness_half_life': 56.004002517284306, 'hn_threshold_young': 6.38712704227752, 'hn_score_cap': 1574.7702230771956, 'classifier_k_feat': 3, 'classifier_neg_sample_weight': 1.9986601216513733}. Best is trial 33 with value: 0.35753921136053457.
[I 2026-02-06 10:27:55,242] Trial 37 pruned. 
[I 2026-02-06 10:27:57,963] Trial 38 pruned. 
[I 2026-02-06 10:28:06,644] Trial 39 pruned. 
[I 2026-02-06 10:29:51,972] Trial 40 pruned. 
[I 2026-02-06 10:29:54,864] Trial 42 pruned. 
[I 2026-02-06 10:29:57,456] Trial 41 pruned. 
[I 2026-02-06 10:30:04,265] Trial 43 finished with value: 0.2354574160626717 and parameters: {'diversity_lambda': 0.5548267510769659, 'neg_weight': 0.5199424783398283, 'knn_k': 4, 'adaptive_hn_min': 0.06182689574691085, 'freshness_half_life': 53.608581304555685, 'hn_threshold_young': 4.961176364809427, 'hn_score_cap': 1569.5374421242668, 'classifier_k_feat': 4, 'classifier_neg_sample_weight': 1.9595795349993654}. Best is trial 33 with value: 0.35753921136053457.
[I 2026-02-06 10:31:51,566] Trial 44 pruned. 
[I 2026-02-06 10:31:54,204] Trial 45 pruned. 
[I 2026-02-06 10:31:56,742] Trial 46 finished with value: 0.23913890275023605 and parameters: {'diversity_lambda': 0.5952842489014556, 'neg_weight': 0.6019512707330458, 'knn_k': 4, 'adaptive_hn_min': 0.06199773519581957, 'freshness_half_life': 71.22484517452256, 'hn_threshold_young': 6.34476668560897, 'hn_score_cap': 1333.6403310438786, 'classifier_k_feat': 3, 'classifier_neg_sample_weight': 1.9427350532127874}. Best is trial 33 with value: 0.35753921136053457.
[I 2026-02-06 10:32:06,694] Trial 47 finished with value: 0.328516038102947 and parameters: {'diversity_lambda': 0.2419620582161728, 'neg_weight': 0.3902420667264782, 'knn_k': 3, 'adaptive_hn_min': 0.029365912084524597, 'freshness_half_life': 73.50107174368429, 'hn_threshold_young': 8.21895738600396, 'hn_score_cap': 1327.2123664457858, 'classifier_k_feat': 3, 'classifier_neg_sample_weight': 1.6805633831034552}. Best is trial 33 with value: 0.35753921136053457.
[I 2026-02-06 10:33:52,196] Trial 48 finished with value: 0.33558002637600925 and parameters: {'diversity_lambda': 0.35850343120101, 'neg_weight': 0.5042661792933294, 'knn_k': 2, 'adaptive_hn_min': 0.03722215717757989, 'freshness_half_life': 95.40455147725969, 'hn_threshold_young': 4.51803680771185, 'hn_score_cap': 865.6217897765091, 'classifier_k_feat': 2, 'classifier_neg_sample_weight': 1.5725748431341786}. Best is trial 33 with value: 0.35753921136053457.
[I 2026-02-06 10:33:55,729] Trial 50 pruned. 
[I 2026-02-06 10:33:58,675] Trial 49 finished with value: 0.2966174135366175 and parameters: {'diversity_lambda': 0.24353964454822205, 'neg_weight': 0.46142305177588205, 'knn_k': 3, 'adaptive_hn_min': 0.02713111941539334, 'freshness_half_life': 76.11976032314276, 'hn_threshold_young': 6.36950923109327, 'hn_score_cap': 1117.2829988435421, 'classifier_k_feat': 3, 'classifier_neg_sample_weight': 1.7058324060699765}. Best is trial 33 with value: 0.35753921136053457.
[I 2026-02-06 10:34:07,158] Trial 51 pruned. 
[I 2026-02-06 10:35:50,810] Trial 52 finished with value: 0.3055277859825177 and parameters: {'diversity_lambda': 0.28706853969094814, 'neg_weight': 0.5377763558442202, 'knn_k': 1, 'adaptive_hn_min': 0.05148967464351033, 'freshness_half_life': 94.71990203944704, 'hn_threshold_young': 5.958315237169495, 'hn_score_cap': 646.5149203504493, 'classifier_k_feat': 3, 'classifier_neg_sample_weight': 1.8562687497058397}. Best is trial 33 with value: 0.35753921136053457.
[I 2026-02-06 10:35:52,236] Trial 53 finished with value: 0.3426877851309535 and parameters: {'diversity_lambda': 0.34315447095963053, 'neg_weight': 0.5073223465582767, 'knn_k': 1, 'adaptive_hn_min': 0.032439822045812576, 'freshness_half_life': 90.47060021270109, 'hn_threshold_young': 5.160286887589991, 'hn_score_cap': 709.7497507290143, 'classifier_k_feat': 5, 'classifier_neg_sample_weight': 1.6672394953182974}. Best is trial 33 with value: 0.35753921136053457.
[I 2026-02-06 10:35:54,010] Trial 54 finished with value: 0.27341071752930235 and parameters: {'diversity_lambda': 0.3879958457819357, 'neg_weight': 0.5522779562789994, 'knn_k': 2, 'adaptive_hn_min': 0.01011321903957322, 'freshness_half_life': 94.30377775679126, 'hn_threshold_young': 7.0917764062775746, 'hn_score_cap': 901.369679539611, 'classifier_k_feat': 3, 'classifier_neg_sample_weight': 1.2993195028578095}. Best is trial 33 with value: 0.35753921136053457.
[I 2026-02-06 10:36:06,031] Trial 55 finished with value: 0.2938200667440328 and parameters: {'diversity_lambda': 0.35278790255807224, 'neg_weight': 0.4216672864327117, 'knn_k': 2, 'adaptive_hn_min': 0.035824706260992184, 'freshness_half_life': 99.55251982378721, 'hn_threshold_young': 4.05291387635641, 'hn_score_cap': 616.7168274116075, 'classifier_k_feat': 2, 'classifier_neg_sample_weight': 1.496901602705619}. Best is trial 33 with value: 0.35753921136053457.
[I 2026-02-06 10:37:49,652] Trial 56 finished with value: 0.34684331010961733 and parameters: {'diversity_lambda': 0.39602766871623996, 'neg_weight': 0.4628763019380259, 'knn_k': 2, 'adaptive_hn_min': 0.013340868212124761, 'freshness_half_life': 94.74105682038541, 'hn_threshold_young': 7.693242182869341, 'hn_score_cap': 891.5322498040467, 'classifier_k_feat': 4, 'classifier_neg_sample_weight': 1.6982679713798658}. Best is trial 33 with value: 0.35753921136053457.
[I 2026-02-06 10:37:51,017] Trial 57 finished with value: 0.2811160690040125 and parameters: {'diversity_lambda': 0.34938063311092493, 'neg_weight': 0.5143437438310304, 'knn_k': 1, 'adaptive_hn_min': 0.024373276391884337, 'freshness_half_life': 89.10255292902961, 'hn_threshold_young': 5.025875753774795, 'hn_score_cap': 494.93386791253283, 'classifier_k_feat': 6, 'classifier_neg_sample_weight': 1.7535750985431542}. Best is trial 33 with value: 0.35753921136053457.
[I 2026-02-06 10:37:54,940] Trial 58 pruned. 
[I 2026-02-06 10:38:05,583] Trial 59 pruned. 
[I 2026-02-06 10:39:50,705] Trial 60 pruned. 
[I 2026-02-06 10:39:52,254] Trial 61 pruned. 
[I 2026-02-06 10:39:55,669] Trial 62 pruned. 
[I 2026-02-06 10:40:06,520] Trial 63 finished with value: 0.35316403272055397 and parameters: {'diversity_lambda': 0.34601973977025346, 'neg_weight': 0.3622803024920896, 'knn_k': 4, 'adaptive_hn_min': 0.049573613496721326, 'freshness_half_life': 85.93835819523301, 'hn_threshold_young': 9.55128232719634, 'hn_score_cap': 980.645153811358, 'classifier_k_feat': 4, 'classifier_neg_sample_weight': 1.7468012077767132}. Best is trial 33 with value: 0.35753921136053457.
[I 2026-02-06 10:41:52,073] Trial 65 finished with value: 0.3360016790380391 and parameters: {'diversity_lambda': 0.294372832953237, 'neg_weight': 0.4616636646909182, 'knn_k': 2, 'adaptive_hn_min': 0.008041330496672359, 'freshness_half_life': 97.66538722586252, 'hn_threshold_young': 7.355720413183467, 'hn_score_cap': 723.7013867765503, 'classifier_k_feat': 4, 'classifier_neg_sample_weight': 1.6385903153704122}. Best is trial 33 with value: 0.35753921136053457.
[I 2026-02-06 10:41:53,294] Trial 64 finished with value: 0.25879969413765175 and parameters: {'diversity_lambda': 0.4087447148719554, 'neg_weight': 0.46618473581581216, 'knn_k': 2, 'adaptive_hn_min': 0.0241143042187174, 'freshness_half_life': 94.40750364879219, 'hn_threshold_young': 10.339387574116522, 'hn_score_cap': 897.4367902340621, 'classifier_k_feat': 4, 'classifier_neg_sample_weight': 1.7323167848630954}. Best is trial 33 with value: 0.35753921136053457.
[I 2026-02-06 10:41:59,142] Trial 66 pruned. 
[I 2026-02-06 10:42:06,939] Trial 67 finished with value: 0.29108993676908135 and parameters: {'diversity_lambda': 0.34353562821203426, 'neg_weight': 0.5127371094435146, 'knn_k': 2, 'adaptive_hn_min': 0.0012418044463436435, 'freshness_half_life': 96.23061669339354, 'hn_threshold_young': 13.420796993484913, 'hn_score_cap': 887.300418737195, 'classifier_k_feat': 4, 'classifier_neg_sample_weight': 1.6733116539694508}. Best is trial 33 with value: 0.35753921136053457.
[I 2026-02-06 10:43:52,145] Trial 68 finished with value: 0.31091019919907 and parameters: {'diversity_lambda': 0.3724253275382241, 'neg_weight': 0.309372043677815, 'knn_k': 4, 'adaptive_hn_min': 0.04786439509989445, 'freshness_half_life': 97.68610236575341, 'hn_threshold_young': 11.799812771516745, 'hn_score_cap': 846.452088562278, 'classifier_k_feat': 5, 'classifier_neg_sample_weight': 1.7017352561500958}. Best is trial 33 with value: 0.35753921136053457.
[I 2026-02-06 10:43:56,193] Trial 70 pruned. 
[I 2026-02-06 10:43:57,752] Trial 69 pruned. 
[I 2026-02-06 10:44:06,101] Trial 71 pruned. 
[I 2026-02-06 10:45:50,420] Trial 72 finished with value: 0.33516430643654194 and parameters: {'diversity_lambda': 0.36094111738061657, 'neg_weight': 0.3809643611245433, 'knn_k': 4, 'adaptive_hn_min': 0.058832846135409886, 'freshness_half_life': 75.32590379200869, 'hn_threshold_young': 10.720532598273675, 'hn_score_cap': 823.4899941768558, 'classifier_k_feat': 4, 'classifier_neg_sample_weight': 1.5148745518646218}. Best is trial 33 with value: 0.35753921136053457.
[I 2026-02-06 10:45:52,607] Trial 73 pruned. 
[I 2026-02-06 10:45:54,292] Trial 74 finished with value: 0.24285807709455293 and parameters: {'diversity_lambda': 0.4232782087495761, 'neg_weight': 0.6051603798465205, 'knn_k': 4, 'adaptive_hn_min': 0.05557535161571935, 'freshness_half_life': 90.53592557900322, 'hn_threshold_young': 4.736901730303568, 'hn_score_cap': 569.147720761596, 'classifier_k_feat': 3, 'classifier_neg_sample_weight': 1.9955802791151835}. Best is trial 33 with value: 0.35753921136053457.
[I 2026-02-06 10:46:02,271] Trial 75 pruned. 
[I 2026-02-06 10:47:56,052] Trial 76 finished with value: 0.27523704901887913 and parameters: {'diversity_lambda': 0.26140532123926186, 'neg_weight': 0.4355981478368262, 'knn_k': 1, 'adaptive_hn_min': 0.004604607777205825, 'freshness_half_life': 99.77407372712166, 'hn_threshold_young': 7.685184133763948, 'hn_score_cap': 750.0399009970253, 'classifier_k_feat': 3, 'classifier_neg_sample_weight': 1.58498905930038}. Best is trial 33 with value: 0.35753921136053457.
[I 2026-02-06 10:47:57,714] Trial 77 pruned. 
[I 2026-02-06 10:47:59,743] Trial 78 finished with value: 0.35447910630983187 and parameters: {'diversity_lambda': 0.2413169461006706, 'neg_weight': 0.47196272973139547, 'knn_k': 2, 'adaptive_hn_min': 0.00966708654991936, 'freshness_half_life': 98.7462521883753, 'hn_threshold_young': 5.053541516203769, 'hn_score_cap': 843.798281990295, 'classifier_k_feat': 4, 'classifier_neg_sample_weight': 1.7149498369020015}. Best is trial 33 with value: 0.35753921136053457.
[I 2026-02-06 10:48:03,620] Trial 79 finished with value: 0.29004169558437726 and parameters: {'diversity_lambda': 0.334965905959683, 'neg_weight': 0.5262571983901781, 'knn_k': 2, 'adaptive_hn_min': 0.0057113871259644525, 'freshness_half_life': 95.59779731491336, 'hn_threshold_young': 5.68212145500206, 'hn_score_cap': 780.2022711890686, 'classifier_k_feat': 3, 'classifier_neg_sample_weight': 1.89117216451564}. Best is trial 33 with value: 0.35753921136053457.
[I 2026-02-06 10:50:00,011] Trial 80 finished with value: 0.23724328583625964 and parameters: {'diversity_lambda': 0.370866884661064, 'neg_weight': 0.5509882757351828, 'knn_k': 2, 'adaptive_hn_min': 0.006965115149581921, 'freshness_half_life': 87.7373991690647, 'hn_threshold_young': 6.590568833536704, 'hn_score_cap': 1034.1299489098724, 'classifier_k_feat': 5, 'classifier_neg_sample_weight': 1.6683731906175903}. Best is trial 33 with value: 0.35753921136053457.
[I 2026-02-06 10:50:01,332] Trial 81 finished with value: 0.28847746362738935 and parameters: {'diversity_lambda': 0.3708327033044343, 'neg_weight': 0.31167210952301716, 'knn_k': 4, 'adaptive_hn_min': 0.042378571585054446, 'freshness_half_life': 87.0286154444038, 'hn_threshold_young': 5.4937504379499424, 'hn_score_cap': 1341.0350356233644, 'classifier_k_feat': 5, 'classifier_neg_sample_weight': 1.6142415036148976}. Best is trial 33 with value: 0.35753921136053457.
[I 2026-02-06 10:50:02,126] Trial 82 pruned. 
[I 2026-02-06 10:50:04,320] Trial 83 finished with value: 0.34781161040270614 and parameters: {'diversity_lambda': 0.2464612693502091, 'neg_weight': 0.42969333982038704, 'knn_k': 3, 'adaptive_hn_min': 0.03956937785135232, 'freshness_half_life': 77.1965605465242, 'hn_threshold_young': 5.207010935337543, 'hn_score_cap': 1015.5373687498361, 'classifier_k_feat': 2, 'classifier_neg_sample_weight': 1.1701729056910295}. Best is trial 33 with value: 0.35753921136053457.
[I 2026-02-06 10:52:01,716] Trial 86 pruned. 
[I 2026-02-06 10:52:02,886] Trial 84 finished with value: 0.33534237362712843 and parameters: {'diversity_lambda': 0.2236925512531047, 'neg_weight': 0.5457675991481094, 'knn_k': 2, 'adaptive_hn_min': 0.005055346496250905, 'freshness_half_life': 90.88577949519677, 'hn_threshold_young': 4.3573603376726595, 'hn_score_cap': 1187.621942290706, 'classifier_k_feat': 4, 'classifier_neg_sample_weight': 1.6855934230787855}. Best is trial 33 with value: 0.35753921136053457.
[I 2026-02-06 10:52:04,557] Trial 85 pruned. 
[I 2026-02-06 10:52:05,661] Trial 87 pruned. 
[I 2026-02-06 10:54:02,834] Trial 89 pruned. 
[I 2026-02-06 10:54:03,713] Trial 91 finished with value: 0.318865973523494 and parameters: {'diversity_lambda': 0.2002541276433389, 'neg_weight': 0.530390209453841, 'knn_k': 2, 'adaptive_hn_min': 0.03412844284886134, 'freshness_half_life': 62.92008611839202, 'hn_threshold_young': 7.920639906431843, 'hn_score_cap': 659.4135823903396, 'classifier_k_feat': 4, 'classifier_neg_sample_weight': 0.9694441010439859}. Best is trial 33 with value: 0.35753921136053457.
[I 2026-02-06 10:54:04,951] Trial 90 pruned. 
[I 2026-02-06 10:54:05,677] Trial 88 pruned. 
[I 2026-02-06 10:56:09,162] Trial 94 finished with value: 0.30587743622107866 and parameters: {'diversity_lambda': 0.301289698288851, 'neg_weight': 0.4209239032144748, 'knn_k': 3, 'adaptive_hn_min': 0.039145887358890505, 'freshness_half_life': 74.03549096691223, 'hn_threshold_young': 4.83179524204142, 'hn_score_cap': 887.8733733976177, 'classifier_k_feat': 2, 'classifier_neg_sample_weight': 1.1343213234453606}. Best is trial 33 with value: 0.35753921136053457.
[I 2026-02-06 10:56:10,070] Trial 92 finished with value: 0.30844386637479054 and parameters: {'diversity_lambda': 0.2487111840411475, 'neg_weight': 0.4023865986451823, 'knn_k': 2, 'adaptive_hn_min': 0.05437393372126202, 'freshness_half_life': 81.27474479433417, 'hn_threshold_young': 6.9810081064218705, 'hn_score_cap': 1212.7500283433449, 'classifier_k_feat': 2, 'classifier_neg_sample_weight': 1.2142541257440465}. Best is trial 33 with value: 0.35753921136053457.
[I 2026-02-06 10:56:10,605] Trial 93 pruned. 
[I 2026-02-06 10:56:11,500] Trial 95 finished with value: 0.2802082653540051 and parameters: {'diversity_lambda': 0.24610391771821985, 'neg_weight': 0.47825441364664617, 'knn_k': 1, 'adaptive_hn_min': 0.02956522682190662, 'freshness_half_life': 99.222554553174, 'hn_threshold_young': 4.850907076642384, 'hn_score_cap': 885.7667638925211, 'classifier_k_feat': 5, 'classifier_neg_sample_weight': 1.8132711076835824}. Best is trial 33 with value: 0.35753921136053457.
[I 2026-02-06 10:58:11,377] Trial 98 pruned. 
[I 2026-02-06 10:58:11,844] Trial 96 finished with value: 0.29041108799041865 and parameters: {'diversity_lambda': 0.217511799808241, 'neg_weight': 0.36929149685966906, 'knn_k': 2, 'adaptive_hn_min': 0.061797954383377596, 'freshness_half_life': 91.43079249327927, 'hn_threshold_young': 5.070090251360562, 'hn_score_cap': 932.9435473749602, 'classifier_k_feat': 2, 'classifier_neg_sample_weight': 1.2865560028944851}. Best is trial 33 with value: 0.35753921136053457.
[I 2026-02-06 10:58:12,817] Trial 99 pruned. 
[I 2026-02-06 10:58:13,800] Trial 97 finished with value: 0.31524104664186076 and parameters: {'diversity_lambda': 0.4509148690002625, 'neg_weight': 0.30572445151772915, 'knn_k': 4, 'adaptive_hn_min': 0.06464731175905027, 'freshness_half_life': 94.73026065396479, 'hn_threshold_young': 4.810806049661049, 'hn_score_cap': 1162.1603352295376, 'classifier_k_feat': 2, 'classifier_neg_sample_weight': 1.6283366811825113}. Best is trial 33 with value: 0.35753921136053457.
[I 2026-02-06 11:00:12,489] Trial 102 finished with value: 0.32048093463528193 and parameters: {'diversity_lambda': 0.44333156345408076, 'neg_weight': 0.4452040246986913, 'knn_k': 3, 'adaptive_hn_min': 0.011446987554338523, 'freshness_half_life': 98.85765105704647, 'hn_threshold_young': 8.863743138591012, 'hn_score_cap': 1211.0183949348725, 'classifier_k_feat': 4, 'classifier_neg_sample_weight': 1.618356489500875}. Best is trial 33 with value: 0.35753921136053457.
[I 2026-02-06 11:00:14,044] Trial 103 finished with value: 0.32901932452997673 and parameters: {'diversity_lambda': 0.561587271411816, 'neg_weight': 0.6383863151571574, 'knn_k': 4, 'adaptive_hn_min': 0.037694306415476796, 'freshness_half_life': 54.26495084825157, 'hn_threshold_young': 4.87674723142808, 'hn_score_cap': 1385.436568267188, 'classifier_k_feat': 5, 'classifier_neg_sample_weight': 1.9228596243012963}. Best is trial 33 with value: 0.35753921136053457.
[I 2026-02-06 11:00:15,135] Trial 101 pruned. 
[I 2026-02-06 11:00:16,265] Trial 100 finished with value: 0.32710187322955286 and parameters: {'diversity_lambda': 0.2295012111718755, 'neg_weight': 0.42390875010019513, 'knn_k': 3, 'adaptive_hn_min': 0.04365243456251443, 'freshness_half_life': 92.25432903007012, 'hn_threshold_young': 9.952829840041726, 'hn_score_cap': 674.9067831361524, 'classifier_k_feat': 3, 'classifier_neg_sample_weight': 1.8441678925231142}. Best is trial 33 with value: 0.35753921136053457.
[I 2026-02-06 11:02:16,220] Trial 105 pruned. 
[I 2026-02-06 11:02:17,295] Trial 106 pruned. 
[I 2026-02-06 11:02:18,416] Trial 107 finished with value: 0.33923039383888337 and parameters: {'diversity_lambda': 0.36807040566657284, 'neg_weight': 0.4384123238112741, 'knn_k': 2, 'adaptive_hn_min': 0.03588789198392306, 'freshness_half_life': 82.13178492231708, 'hn_threshold_young': 5.463426949623198, 'hn_score_cap': 1071.5719945780206, 'classifier_k_feat': 2, 'classifier_neg_sample_weight': 1.6541109454195064}. Best is trial 33 with value: 0.35753921136053457.
[I 2026-02-06 11:02:19,523] Trial 104 pruned. 
[I 2026-02-06 11:04:18,090] Trial 109 pruned. 
[I 2026-02-06 11:04:19,184] Trial 110 pruned. 
[I 2026-02-06 11:04:20,289] Trial 108 pruned. 
[I 2026-02-06 11:04:21,270] Trial 111 pruned. 
[I 2026-02-06 11:06:20,257] Trial 112 pruned. 
[I 2026-02-06 11:06:21,646] Trial 115 finished with value: 0.3509232264628274 and parameters: {'diversity_lambda': 0.23521941430674514, 'neg_weight': 0.3410266257979775, 'knn_k': 3, 'adaptive_hn_min': 0.004383269339037566, 'freshness_half_life': 95.5288363262846, 'hn_threshold_young': 5.929513626127784, 'hn_score_cap': 893.5175385064794, 'classifier_k_feat': 2, 'classifier_neg_sample_weight': 1.5786174170211644}. Best is trial 33 with value: 0.35753921136053457.
[I 2026-02-06 11:06:22,444] Trial 114 finished with value: 0.2576234739680065 and parameters: {'diversity_lambda': 0.35998662655433, 'neg_weight': 0.38768458647032594, 'knn_k': 3, 'adaptive_hn_min': 0.014357500946893618, 'freshness_half_life': 78.99223280341702, 'hn_threshold_young': 4.75513457694277, 'hn_score_cap': 802.4562817351127, 'classifier_k_feat': 3, 'classifier_neg_sample_weight': 1.5839548994948087}. Best is trial 33 with value: 0.35753921136053457.
[I 2026-02-06 11:06:23,520] Trial 113 finished with value: 0.3330400721751271 and parameters: {'diversity_lambda': 0.32542880108103217, 'neg_weight': 0.36467169958114765, 'knn_k': 2, 'adaptive_hn_min': 0.028600593472570143, 'freshness_half_life': 78.1854336530346, 'hn_threshold_young': 7.1952248670444625, 'hn_score_cap': 1242.2628668634645, 'classifier_k_feat': 2, 'classifier_neg_sample_weight': 1.7228814440736695}. Best is trial 33 with value: 0.35753921136053457.
[I 2026-02-06 11:08:23,466] Trial 117 pruned. 
[I 2026-02-06 11:08:24,391] Trial 116 finished with value: 0.3157997194404321 and parameters: {'diversity_lambda': 0.2645961630007851, 'neg_weight': 0.4842289001091682, 'knn_k': 3, 'adaptive_hn_min': 0.03619946865237527, 'freshness_half_life': 97.35086188563152, 'hn_threshold_young': 6.555361776375458, 'hn_score_cap': 991.1696166746068, 'classifier_k_feat': 4, 'classifier_neg_sample_weight': 1.5943397267855524}. Best is trial 33 with value: 0.35753921136053457.
[I 2026-02-06 11:08:25,318] Trial 119 pruned. 
[I 2026-02-06 11:08:26,513] Trial 118 pruned. 
[I 2026-02-06 11:10:26,987] Trial 121 finished with value: 0.3052536893373291 and parameters: {'diversity_lambda': 0.2755218134165434, 'neg_weight': 0.32481877624949307, 'knn_k': 3, 'adaptive_hn_min': 0.011330943716320836, 'freshness_half_life': 87.49005451420867, 'hn_threshold_young': 5.489469305177978, 'hn_score_cap': 906.7261391051712, 'classifier_k_feat': 3, 'classifier_neg_sample_weight': 1.7755659095290284}. Best is trial 33 with value: 0.35753921136053457.
[I 2026-02-06 11:10:27,974] Trial 120 pruned. 
[I 2026-02-06 11:10:29,724] Trial 122 finished with value: 0.26037829118042405 and parameters: {'diversity_lambda': 0.5172894225051007, 'neg_weight': 0.3160008721446534, 'knn_k': 4, 'adaptive_hn_min': 0.046594796175670375, 'freshness_half_life': 81.66664409255314, 'hn_threshold_young': 7.79550261828279, 'hn_score_cap': 979.1955952886905, 'classifier_k_feat': 2, 'classifier_neg_sample_weight': 1.9337219698823922}. Best is trial 33 with value: 0.35753921136053457.
[I 2026-02-06 11:10:34,500] Trial 123 pruned. 
[I 2026-02-06 11:12:30,885] Trial 124 pruned. 
[I 2026-02-06 11:12:31,569] Trial 126 pruned. 
[I 2026-02-06 11:12:34,787] Trial 125 pruned. 
[I 2026-02-06 11:12:38,505] Trial 127 finished with value: 0.33064247745885866 and parameters: {'diversity_lambda': 0.3163921110166391, 'neg_weight': 0.5472369988597203, 'knn_k': 4, 'adaptive_hn_min': 0.05395153025938851, 'freshness_half_life': 95.00001989883802, 'hn_threshold_young': 5.895012762321229, 'hn_score_cap': 490.0062539825699, 'classifier_k_feat': 4, 'classifier_neg_sample_weight': 1.8640730525981737}. Best is trial 33 with value: 0.35753921136053457.
[I 2026-02-06 11:14:33,129] Trial 129 finished with value: 0.3277334398104438 and parameters: {'diversity_lambda': 0.3029909309832322, 'neg_weight': 0.3433239210855828, 'knn_k': 2, 'adaptive_hn_min': 0.003283401258667667, 'freshness_half_life': 90.86677811958081, 'hn_threshold_young': 6.713561811649605, 'hn_score_cap': 1011.0498406102856, 'classifier_k_feat': 2, 'classifier_neg_sample_weight': 1.2609775982076075}. Best is trial 33 with value: 0.35753921136053457.
[I 2026-02-06 11:14:34,604] Trial 130 pruned. 
[I 2026-02-06 11:14:37,338] Trial 128 pruned. 
[I 2026-02-06 11:14:39,930] Trial 131 pruned. 
[I 2026-02-06 11:16:34,419] Trial 132 finished with value: 0.2955456317189254 and parameters: {'diversity_lambda': 0.48065376858657527, 'neg_weight': 0.41743921176827387, 'knn_k': 4, 'adaptive_hn_min': 0.04564125950151867, 'freshness_half_life': 94.3153579628975, 'hn_threshold_young': 8.547186563643796, 'hn_score_cap': 1547.2039181504765, 'classifier_k_feat': 5, 'classifier_neg_sample_weight': 1.8218533154488357}. Best is trial 33 with value: 0.35753921136053457.
[I 2026-02-06 11:16:37,662] Trial 134 pruned. 
[I 2026-02-06 11:16:39,539] Trial 133 finished with value: 0.30560941467271363 and parameters: {'diversity_lambda': 0.23818367307220717, 'neg_weight': 0.5525314786369675, 'knn_k': 2, 'adaptive_hn_min': 0.04152563439451954, 'freshness_half_life': 80.64444852398606, 'hn_threshold_young': 4.349319160012111, 'hn_score_cap': 543.2733689396613, 'classifier_k_feat': 5, 'classifier_neg_sample_weight': 1.6193824473777103}. Best is trial 33 with value: 0.35753921136053457.
[I 2026-02-06 11:16:44,451] Trial 135 pruned. 
[I 2026-02-06 11:18:37,770] Trial 137 pruned. 
[I 2026-02-06 11:18:39,190] Trial 136 pruned. 
[I 2026-02-06 11:18:42,857] Trial 138 finished with value: 0.3315912451985561 and parameters: {'diversity_lambda': 0.4009552311495749, 'neg_weight': 0.5028117242392461, 'knn_k': 3, 'adaptive_hn_min': 0.03578050157908849, 'freshness_half_life': 83.86996987169931, 'hn_threshold_young': 4.190789770661465, 'hn_score_cap': 1388.9181108521225, 'classifier_k_feat': 2, 'classifier_neg_sample_weight': 1.8246438615730667}. Best is trial 33 with value: 0.35753921136053457.
[I 2026-02-06 11:18:47,948] Trial 139 pruned. 
[I 2026-02-06 11:20:40,856] Trial 140 pruned. 
[I 2026-02-06 11:20:42,413] Trial 141 finished with value: 0.19546537615128426 and parameters: {'diversity_lambda': 0.3009328315665557, 'neg_weight': 0.5870209217569237, 'knn_k': 2, 'adaptive_hn_min': 0.04285325372843947, 'freshness_half_life': 96.81013816134443, 'hn_threshold_young': 4.73929880388762, 'hn_score_cap': 780.3833886099627, 'classifier_k_feat': 2, 'classifier_neg_sample_weight': 1.649155136330887}. Best is trial 33 with value: 0.35753921136053457.
[I 2026-02-06 11:20:48,169] Trial 142 pruned. 
[I 2026-02-06 11:20:51,815] Trial 143 finished with value: 0.344294813021836 and parameters: {'diversity_lambda': 0.24951387790616553, 'neg_weight': 0.3414846372638754, 'knn_k': 4, 'adaptive_hn_min': 0.043769448068569416, 'freshness_half_life': 72.94733843575796, 'hn_threshold_young': 8.559640739543552, 'hn_score_cap': 891.5659060829832, 'classifier_k_feat': 5, 'classifier_neg_sample_weight': 1.58407391849958}. Best is trial 33 with value: 0.35753921136053457.
[I 2026-02-06 11:22:54,408] Trial 144 pruned. 
[I 2026-02-06 11:22:57,877] Trial 146 finished with value: 0.27265995590568637 and parameters: {'diversity_lambda': 0.5749848831225097, 'neg_weight': 0.4841256013058458, 'knn_k': 2, 'adaptive_hn_min': 0.01213518403899179, 'freshness_half_life': 99.40239889731146, 'hn_threshold_young': 13.663516910385063, 'hn_score_cap': 138.5992885323294, 'classifier_k_feat': 2, 'classifier_neg_sample_weight': 0.9820117732502689}. Best is trial 33 with value: 0.35753921136053457.
[I 2026-02-06 11:23:00,258] Trial 145 pruned. 
[I 2026-02-06 11:23:04,931] Trial 147 pruned. 
[I 2026-02-06 11:25:00,331] Trial 149 pruned. 
[I 2026-02-06 11:25:02,703] Trial 150 pruned. 
[I 2026-02-06 11:25:04,105] Trial 148 finished with value: 0.3375341112867713 and parameters: {'diversity_lambda': 0.20616918155113392, 'neg_weight': 0.4362216571179431, 'knn_k': 3, 'adaptive_hn_min': 0.04210322864045441, 'freshness_half_life': 69.19929233262133, 'hn_threshold_young': 7.762230148347612, 'hn_score_cap': 559.410886926979, 'classifier_k_feat': 6, 'classifier_neg_sample_weight': 1.9702445738915966}. Best is trial 33 with value: 0.35753921136053457.
[I 2026-02-06 11:25:09,620] Trial 151 pruned. 
[I 2026-02-06 11:27:01,431] Trial 152 finished with value: 0.2964928010045652 and parameters: {'diversity_lambda': 0.3220931353282179, 'neg_weight': 0.48745446487635663, 'knn_k': 4, 'adaptive_hn_min': 0.05826356136622815, 'freshness_half_life': 98.62967003448985, 'hn_threshold_young': 8.207603095277065, 'hn_score_cap': 951.2632478492194, 'classifier_k_feat': 3, 'classifier_neg_sample_weight': 1.9813463283788983}. Best is trial 33 with value: 0.35753921136053457.
[I 2026-02-06 11:27:03,831] Trial 154 finished with value: 0.29224141068003867 and parameters: {'diversity_lambda': 0.23003591990536454, 'neg_weight': 0.5199158474387526, 'knn_k': 2, 'adaptive_hn_min': 0.05784797229856427, 'freshness_half_life': 56.224180091931444, 'hn_threshold_young': 7.384013526781553, 'hn_score_cap': 190.80672667604307, 'classifier_k_feat': 7, 'classifier_neg_sample_weight': 1.8560876408041977}. Best is trial 33 with value: 0.35753921136053457.
[I 2026-02-06 11:27:05,654] Trial 153 pruned. 
[I 2026-02-06 11:27:09,714] Trial 155 finished with value: 0.36734809922230566 and parameters: {'diversity_lambda': 0.21303631957724586, 'neg_weight': 0.36634456773092183, 'knn_k': 3, 'adaptive_hn_min': 0.011227578980423845, 'freshness_half_life': 63.14978153511287, 'hn_threshold_young': 8.555889761470949, 'hn_score_cap': 491.65195329645627, 'classifier_k_feat': 9, 'classifier_neg_sample_weight': 1.9453177104865862}. Best is trial 155 with value: 0.36734809922230566.
[I 2026-02-06 11:29:01,733] Trial 157 finished with value: 0.2740556358792537 and parameters: {'diversity_lambda': 0.29953637810822725, 'neg_weight': 0.418546679566353, 'knn_k': 4, 'adaptive_hn_min': 0.040500460453648496, 'freshness_half_life': 65.41970216470632, 'hn_threshold_young': 6.103494895526801, 'hn_score_cap': 730.3107726298141, 'classifier_k_feat': 6, 'classifier_neg_sample_weight': 1.5373541371658253}. Best is trial 155 with value: 0.36734809922230566.
[I 2026-02-06 11:29:03,213] Trial 158 pruned. 
[I 2026-02-06 11:29:04,950] Trial 156 pruned. 
[I 2026-02-06 11:29:08,014] Trial 159 pruned. 
[I 2026-02-06 11:31:01,255] Trial 160 finished with value: 0.30551723594324803 and parameters: {'diversity_lambda': 0.21106820961642248, 'neg_weight': 0.46566211368556326, 'knn_k': 3, 'adaptive_hn_min': 0.039128296821129296, 'freshness_half_life': 71.49317225199505, 'hn_threshold_young': 9.711043505830617, 'hn_score_cap': 868.9885351071694, 'classifier_k_feat': 6, 'classifier_neg_sample_weight': 1.9772143619878653}. Best is trial 155 with value: 0.36734809922230566.
[I 2026-02-06 11:31:02,425] Trial 161 pruned. 
[I 2026-02-06 11:31:05,742] Trial 162 pruned. 
[I 2026-02-06 11:31:07,286] Trial 163 pruned. 
[I 2026-02-06 11:33:01,759] Trial 164 pruned. 
[I 2026-02-06 11:33:04,195] Trial 167 pruned. 
[I 2026-02-06 11:33:06,197] Trial 165 finished with value: 0.310583652390295 and parameters: {'diversity_lambda': 0.3269110456782821, 'neg_weight': 0.36572558300155494, 'knn_k': 4, 'adaptive_hn_min': 0.006367391075081898, 'freshness_half_life': 48.537028606459074, 'hn_threshold_young': 7.734442938819846, 'hn_score_cap': 436.09797513190216, 'classifier_k_feat': 8, 'classifier_neg_sample_weight': 1.668754996383513}. Best is trial 155 with value: 0.36734809922230566.
[I 2026-02-06 11:33:09,157] Trial 166 finished with value: 0.3511690729728397 and parameters: {'diversity_lambda': 0.2160340776046444, 'neg_weight': 0.3359473060671927, 'knn_k': 2, 'adaptive_hn_min': 0.020078549215003936, 'freshness_half_life': 70.41735593260277, 'hn_threshold_young': 7.161247279694257, 'hn_score_cap': 518.0015093773003, 'classifier_k_feat': 8, 'classifier_neg_sample_weight': 1.9273096877736466}. Best is trial 155 with value: 0.36734809922230566.
[I 2026-02-06 11:35:04,019] Trial 168 pruned. 
[I 2026-02-06 11:35:05,953] Trial 169 pruned. 
[I 2026-02-06 11:35:07,140] Trial 170 finished with value: 0.2754377973775518 and parameters: {'diversity_lambda': 0.23031648447348418, 'neg_weight': 0.522768113030814, 'knn_k': 3, 'adaptive_hn_min': 0.005089132222861748, 'freshness_half_life': 97.5574768069998, 'hn_threshold_young': 6.0364497445943215, 'hn_score_cap': 966.5076730731229, 'classifier_k_feat': 5, 'classifier_neg_sample_weight': 1.7339591491226671}. Best is trial 155 with value: 0.36734809922230566.
[I 2026-02-06 11:35:11,983] Trial 171 pruned. 
[I 2026-02-06 11:37:04,718] Trial 172 pruned. 
[I 2026-02-06 11:37:06,459] Trial 173 finished with value: 0.3090173082935003 and parameters: {'diversity_lambda': 0.2110042985482296, 'neg_weight': 0.3451401753001378, 'knn_k': 2, 'adaptive_hn_min': 0.02024590183653994, 'freshness_half_life': 62.58143859946773, 'hn_threshold_young': 7.422732417025668, 'hn_score_cap': 771.5272101363279, 'classifier_k_feat': 9, 'classifier_neg_sample_weight': 1.9463820815456763}. Best is trial 155 with value: 0.36734809922230566.
[I 2026-02-06 11:37:10,601] Trial 174 pruned. 
[I 2026-02-06 11:37:14,290] Trial 175 finished with value: 0.25683932470225745 and parameters: {'diversity_lambda': 0.2469264423898723, 'neg_weight': 0.3666728068639568, 'knn_k': 2, 'adaptive_hn_min': 0.030440329264654134, 'freshness_half_life': 58.239592866594776, 'hn_threshold_young': 4.12223455885085, 'hn_score_cap': 434.2552798051217, 'classifier_k_feat': 8, 'classifier_neg_sample_weight': 1.9291616378485479}. Best is trial 155 with value: 0.36734809922230566.
[I 2026-02-06 11:39:06,914] Trial 176 pruned. 
[I 2026-02-06 11:39:09,219] Trial 177 pruned. 
[I 2026-02-06 11:39:13,921] Trial 178 finished with value: 0.2624976441507171 and parameters: {'diversity_lambda': 0.32700066016437196, 'neg_weight': 0.3710711063328228, 'knn_k': 2, 'adaptive_hn_min': 0.026567932106726845, 'freshness_half_life': 74.17792193717942, 'hn_threshold_young': 5.8253821175163845, 'hn_score_cap': 407.4165355063949, 'classifier_k_feat': 9, 'classifier_neg_sample_weight': 1.9000617561309783}. Best is trial 155 with value: 0.36734809922230566.
[I 2026-02-06 11:39:18,148] Trial 179 pruned. 
[I 2026-02-06 11:41:11,888] Trial 181 pruned. 
[I 2026-02-06 11:41:13,369] Trial 182 pruned. 
[I 2026-02-06 11:41:15,481] Trial 180 pruned. 
[I 2026-02-06 11:41:22,957] Trial 183 finished with value: 0.36360362078618325 and parameters: {'diversity_lambda': 0.41019733894231725, 'neg_weight': 0.43011016395733237, 'knn_k': 1, 'adaptive_hn_min': 0.003965554167712433, 'freshness_half_life': 92.948702955248, 'hn_threshold_young': 5.324746216493965, 'hn_score_cap': 1140.5117746684828, 'classifier_k_feat': 3, 'classifier_neg_sample_weight': 1.7448999971363046}. Best is trial 155 with value: 0.36734809922230566.
[I 2026-02-06 11:43:11,647] Trial 184 pruned. 
[I 2026-02-06 11:43:12,839] Trial 185 pruned. 
[I 2026-02-06 11:43:14,537] Trial 186 pruned. 
[I 2026-02-06 11:43:19,035] Trial 187 pruned. 
[I 2026-02-06 11:45:10,623] Trial 188 finished with value: 0.29626657509295584 and parameters: {'diversity_lambda': 0.3724131659863189, 'neg_weight': 0.3515335390201392, 'knn_k': 1, 'adaptive_hn_min': 0.014441327356792412, 'freshness_half_life': 98.12200960469053, 'hn_threshold_young': 5.89647217764025, 'hn_score_cap': 1380.9623055060242, 'classifier_k_feat': 2, 'classifier_neg_sample_weight': 1.6214330276527802}. Best is trial 155 with value: 0.36734809922230566.
[I 2026-02-06 11:45:11,968] Trial 189 finished with value: 0.2601909095180107 and parameters: {'diversity_lambda': 0.2808161451755119, 'neg_weight': 0.3269523504405164, 'knn_k': 4, 'adaptive_hn_min': 0.0549131113301429, 'freshness_half_life': 74.97546523439674, 'hn_threshold_young': 10.037573527360186, 'hn_score_cap': 970.6560231588269, 'classifier_k_feat': 3, 'classifier_neg_sample_weight': 1.7815607692766913}. Best is trial 155 with value: 0.36734809922230566.
[I 2026-02-06 11:45:13,583] Trial 190 pruned. 
[I 2026-02-06 11:45:15,598] Trial 191 finished with value: 0.29065254159448295 and parameters: {'diversity_lambda': 0.5097907673713707, 'neg_weight': 0.3345170921011786, 'knn_k': 1, 'adaptive_hn_min': 0.0055295076080788845, 'freshness_half_life': 85.27587474785632, 'hn_threshold_young': 4.206071019947776, 'hn_score_cap': 1123.0226518362833, 'classifier_k_feat': 3, 'classifier_neg_sample_weight': 1.663479974470114}. Best is trial 155 with value: 0.36734809922230566.
[I 2026-02-06 11:47:11,223] Trial 192 pruned. 
[I 2026-02-06 11:47:12,815] Trial 193 pruned. 
[I 2026-02-06 11:47:13,991] Trial 194 pruned. 
[I 2026-02-06 11:47:15,159] Trial 195 pruned. 
[I 2026-02-06 11:49:11,922] Trial 196 finished with value: 0.2847904611460947 and parameters: {'diversity_lambda': 0.31595855054036365, 'neg_weight': 0.4069227149859804, 'knn_k': 1, 'adaptive_hn_min': 0.02137443858548782, 'freshness_half_life': 92.47640634068433, 'hn_threshold_young': 9.239065172056264, 'hn_score_cap': 555.9315272504255, 'classifier_k_feat': 5, 'classifier_neg_sample_weight': 1.9141847935682654}. Best is trial 155 with value: 0.36734809922230566.
[I 2026-02-06 11:49:13,333] Trial 198 finished with value: 0.28677526583968804 and parameters: {'diversity_lambda': 0.3671069033082088, 'neg_weight': 0.3987126985112216, 'knn_k': 2, 'adaptive_hn_min': 0.013996855849675584, 'freshness_half_life': 99.31448829564532, 'hn_threshold_young': 7.183657558546828, 'hn_score_cap': 713.9323354923644, 'classifier_k_feat': 5, 'classifier_neg_sample_weight': 1.8779697522044125}. Best is trial 155 with value: 0.36734809922230566.
[I 2026-02-06 11:49:14,668] Trial 199 finished with value: 0.3125098226181444 and parameters: {'diversity_lambda': 0.3089086056719525, 'neg_weight': 0.4269828126052646, 'knn_k': 4, 'adaptive_hn_min': 0.0669953201814843, 'freshness_half_life': 76.08180112580533, 'hn_threshold_young': 13.319063360494555, 'hn_score_cap': 852.6401761096993, 'classifier_k_feat': 4, 'classifier_neg_sample_weight': 1.6826940040516591}. Best is trial 155 with value: 0.36734809922230566.
[I 2026-02-06 11:49:15,472] Trial 197 pruned. 
[I 2026-02-06 11:51:14,998] Trial 200 pruned. 
[I 2026-02-06 11:51:15,374] Trial 202 finished with value: 0.2898714621946002 and parameters: {'diversity_lambda': 0.20707714158479448, 'neg_weight': 0.43388110570538907, 'knn_k': 4, 'adaptive_hn_min': 0.05725422385307233, 'freshness_half_life': 74.48260589483864, 'hn_threshold_young': 5.968570350248955, 'hn_score_cap': 568.8889667334308, 'classifier_k_feat': 4, 'classifier_neg_sample_weight': 0.8161130994834809}. Best is trial 155 with value: 0.36734809922230566.
[I 2026-02-06 11:51:17,049] Trial 203 pruned. 
[I 2026-02-06 11:51:18,035] Trial 201 pruned. 
[I 2026-02-06 11:53:12,238] Trial 204 pruned. 
[I 2026-02-06 11:53:13,880] Trial 207 pruned. 
[I 2026-02-06 11:53:14,781] Trial 205 pruned. 
[I 2026-02-06 11:53:15,879] Trial 206 pruned. 
[I 2026-02-06 11:55:12,618] Trial 209 finished with value: 0.3094598954530102 and parameters: {'diversity_lambda': 0.26669582854013885, 'neg_weight': 0.4712149392711396, 'knn_k': 3, 'adaptive_hn_min': 0.03224342790434216, 'freshness_half_life': 76.11892150644987, 'hn_threshold_young': 9.213785196266215, 'hn_score_cap': 1243.5749372403523, 'classifier_k_feat': 3, 'classifier_neg_sample_weight': 0.9976399640072445}. Best is trial 155 with value: 0.36734809922230566.
[I 2026-02-06 11:55:13,546] Trial 208 finished with value: 0.27387091581889506 and parameters: {'diversity_lambda': 0.3243901135041948, 'neg_weight': 0.47668588197701944, 'knn_k': 4, 'adaptive_hn_min': 0.0630731126365901, 'freshness_half_life': 81.30026196253637, 'hn_threshold_young': 9.12996442042914, 'hn_score_cap': 491.0111608114742, 'classifier_k_feat': 4, 'classifier_neg_sample_weight': 1.477108135942555}. Best is trial 155 with value: 0.36734809922230566.
[I 2026-02-06 11:55:14,827] Trial 210 finished with value: 0.3356822896609691 and parameters: {'diversity_lambda': 0.32881974326223334, 'neg_weight': 0.49970769082576066, 'knn_k': 1, 'adaptive_hn_min': 0.03542831476542808, 'freshness_half_life': 91.60015858008542, 'hn_threshold_young': 5.6902828301521575, 'hn_score_cap': 601.4423206222092, 'classifier_k_feat': 4, 'classifier_neg_sample_weight': 1.6819906894900276}. Best is trial 155 with value: 0.36734809922230566.
[I 2026-02-06 11:55:15,750] Trial 211 pruned. 
[I 2026-02-06 11:57:13,232] Trial 215 pruned. 
[I 2026-02-06 11:57:13,997] Trial 214 pruned. 
[I 2026-02-06 11:57:15,060] Trial 213 pruned. 
[I 2026-02-06 11:57:16,102] Trial 212 pruned. 
[I 2026-02-06 11:59:14,264] Trial 219 pruned. 
[I 2026-02-06 11:59:15,276] Trial 217 pruned. 
[I 2026-02-06 11:59:16,288] Trial 216 finished with value: 0.31717425082169026 and parameters: {'diversity_lambda': 0.33324755043346316, 'neg_weight': 0.4872093867521642, 'knn_k': 1, 'adaptive_hn_min': 0.03899789977951024, 'freshness_half_life': 99.52957818363964, 'hn_threshold_young': 6.782037580200139, 'hn_score_cap': 563.5101894305501, 'classifier_k_feat': 5, 'classifier_neg_sample_weight': 1.570426874107529}. Best is trial 155 with value: 0.36734809922230566.
[I 2026-02-06 11:59:17,468] Trial 218 pruned. 
[I 2026-02-06 12:01:15,504] Trial 220 pruned. 
[I 2026-02-06 12:01:17,135] Trial 223 pruned. 
[I 2026-02-06 12:01:18,172] Trial 221 pruned. 
[I 2026-02-06 12:01:19,215] Trial 222 pruned. 
[I 2026-02-06 12:03:18,181] Trial 224 pruned. 
[I 2026-02-06 12:03:21,217] Trial 225 pruned. 
[I 2026-02-06 12:03:22,306] Trial 226 pruned. 
[I 2026-02-06 12:03:23,641] Trial 227 finished with value: 0.30694613588340885 and parameters: {'diversity_lambda': 0.20295473839129732, 'neg_weight': 0.7378078307728402, 'knn_k': 2, 'adaptive_hn_min': 0.0018354178553627813, 'freshness_half_life': 94.6973804959456, 'hn_threshold_young': 6.557114572238452, 'hn_score_cap': 1293.2941511641473, 'classifier_k_feat': 3, 'classifier_neg_sample_weight': 1.6364880250944527}. Best is trial 155 with value: 0.36734809922230566.
[I 2026-02-06 12:05:23,119] Trial 228 pruned. 
[I 2026-02-06 12:05:24,498] Trial 229 pruned. 
[I 2026-02-06 12:05:25,308] Trial 230 pruned. 
[I 2026-02-06 12:05:26,669] Trial 231 pruned. 
